#
# There is insufficient memory for the Java Runtime Environment to continue.
# Native memory allocation (malloc) failed to allocate 131088 bytes for Chunk::new
# Possible reasons:
#   The system is out of physical RAM or swap space
#   The process is running with CompressedOops enabled, and the Java Heap may be blocking the growth of the native heap
# Possible solutions:
#   Reduce memory load on the system
#   Increase physical memory or swap space
#   Check if swap backing store is full
#   Decrease Java heap size (-Xmx/-Xms)
#   Decrease number of Java threads
#   Decrease Java thread stack sizes (-Xss)
#   Set larger code cache with -XX:ReservedCodeCacheSize=
#   JVM is running with Unscaled Compressed Oops mode in which the Java heap is
#     placed in the first 4GB address space. The Java Heap base address is the
#     maximum limit for the native heap growth. Please use -XX:HeapBaseMinAddress
#     to set the Java Heap base and to place the Java Heap above 4GB virtual address.
# This output file may be truncated or incomplete.
#
#  Out of Memory Error (allocation.cpp:389), pid=2156, tid=0x0000000000001d60
#
# JRE version: OpenJDK Runtime Environment (8.0_202-b03) (build 1.8.0_202-release-1483-b03)
# Java VM: OpenJDK 64-Bit Server VM (25.202-b03 mixed mode windows-amd64 compressed oops)
# Failed to write core dump. Minidumps are not enabled by default on client versions of Windows
#

---------------  T H R E A D  ---------------

Current thread (0x00000000165d9800):  JavaThread "C2 CompilerThread0" daemon [_thread_in_native, id=7520, stack(0x0000000017c20000,0x0000000017d20000)]

Stack: [0x0000000017c20000,0x0000000017d20000]
[error occurred during error reporting (printing stack bounds), id 0xc0000005]

Native frames: (J=compiled Java code, j=interpreted, Vv=VM code, C=native code)


Current CompileTask:
C2:  29876 5766 %     4       org.gradle.internal.instantiation.AbstractClassGenerator::inspectType @ 77 (559 bytes)


---------------  P R O C E S S  ---------------

Java Threads: ( => current thread )
  0x00000000186d8000 JavaThread "Memory manager" [_thread_blocked, id=6056, stack(0x0000000021200000,0x0000000021300000)]
  0x00000000186de000 JavaThread "Cache worker for Build Output Cleanup Cache (C:\Users\ruman\Desktop\apks\HAR-Android-App1\.gradle\buildOutputCleanup)" [_thread_blocked, id=5876, stack(0x0000000020700000,0x0000000020800000)]
  0x00000000186d6800 JavaThread "Build operations Thread 4" [_thread_blocked, id=9508, stack(0x0000000020000000,0x0000000020100000)]
  0x00000000186dd800 JavaThread "Build operations Thread 3" [_thread_blocked, id=6160, stack(0x000000001ff00000,0x0000000020000000)]
  0x00000000186dc800 JavaThread "Build operations Thread 2" [_thread_blocked, id=1044, stack(0x000000001fe00000,0x000000001ff00000)]
  0x00000000186d9800 JavaThread "Build operations" [_thread_blocked, id=5700, stack(0x000000001fd00000,0x000000001fe00000)]
  0x00000000186db000 JavaThread "Cache worker for execution history cache (C:\Users\ruman\.gradle\caches\5.4.1\executionHistory)" [_thread_blocked, id=8452, stack(0x000000001f400000,0x000000001f500000)]
  0x00000000186da800 JavaThread "Cache worker for cache directory md-rule (C:\Users\ruman\.gradle\caches\5.4.1\md-rule)" [_thread_blocked, id=7532, stack(0x000000001f300000,0x000000001f400000)]
  0x0000000018df5800 JavaThread "Cache worker for cache directory md-supplier (C:\Users\ruman\.gradle\caches\5.4.1\md-supplier)" [_thread_blocked, id=8352, stack(0x000000001efe0000,0x000000001f0e0000)]
  0x0000000018df6800 JavaThread "Cache worker for file hash cache (C:\Users\ruman\Desktop\apks\HAR-Android-App1\.gradle\5.4.1\fileHashes)" [_thread_blocked, id=9172, stack(0x000000001e6e0000,0x000000001e7e0000)]
  0x0000000018df3800 JavaThread "Cache worker for journal cache (C:\Users\ruman\.gradle\caches\journal-1)" [_thread_blocked, id=1392, stack(0x000000001b170000,0x000000001b270000)]
  0x0000000018df0800 JavaThread "File lock request listener" [_thread_in_native, id=6776, stack(0x000000001b070000,0x000000001b170000)]
  0x0000000018deb800 JavaThread "Cache worker for file hash cache (C:\Users\ruman\.gradle\caches\5.4.1\fileHashes)" [_thread_blocked, id=4772, stack(0x000000001af70000,0x000000001b070000)]
  0x00000000193f3000 JavaThread "Thread-9" [_thread_blocked, id=72, stack(0x000000001ae70000,0x000000001af70000)]
  0x00000000193ef800 JavaThread "Stdin handler" [_thread_blocked, id=4176, stack(0x000000001ad70000,0x000000001ae70000)]
  0x00000000193ee800 JavaThread "Asynchronous log dispatcher for DefaultDaemonConnection: socket connection from /127.0.0.1:56492 to /127.0.0.1:56493" [_thread_blocked, id=3892, stack(0x000000001ac70000,0x000000001ad70000)]
  0x00000000193db800 JavaThread "Daemon worker" [_thread_in_vm, id=9984, stack(0x000000001ab70000,0x000000001ac70000)]
  0x00000000193da800 JavaThread "Cancel handler" [_thread_blocked, id=7852, stack(0x000000001aa70000,0x000000001ab70000)]
  0x000000001936c800 JavaThread "Handler for socket connection from /127.0.0.1:56492 to /127.0.0.1:56493" [_thread_in_native, id=9112, stack(0x000000001a770000,0x000000001a870000)]
  0x0000000019369800 JavaThread "Daemon" [_thread_blocked, id=8276, stack(0x000000001a670000,0x000000001a770000)]
  0x000000001948d000 JavaThread "Daemon periodic checks" [_thread_blocked, id=5268, stack(0x000000001a570000,0x000000001a670000)]
  0x000000001948b800 JavaThread "Incoming local TCP Connector on port 56492" [_thread_in_native, id=6268, stack(0x000000001a330000,0x000000001a430000)]
  0x0000000019682800 JavaThread "Daemon health stats" [_thread_blocked, id=11180, stack(0x0000000019cf0000,0x0000000019df0000)]
  0x0000000017f48800 JavaThread "Service Thread" daemon [_thread_blocked, id=780, stack(0x0000000018320000,0x0000000018420000)]
  0x00000000165d5800 JavaThread "C1 CompilerThread2" daemon [_thread_in_native, id=9780, stack(0x0000000017e20000,0x0000000017f20000)]
  0x00000000165d0800 JavaThread "C2 CompilerThread1" daemon [_thread_in_native, id=9944, stack(0x0000000017d20000,0x0000000017e20000)]
=>0x00000000165d9800 JavaThread "C2 CompilerThread0" daemon [_thread_in_native, id=7520, stack(0x0000000017c20000,0x0000000017d20000)]
  0x00000000165d8800 JavaThread "Attach Listener" daemon [_thread_blocked, id=4092, stack(0x0000000017b20000,0x0000000017c20000)]
  0x00000000165d7800 JavaThread "Signal Dispatcher" daemon [_thread_blocked, id=11224, stack(0x0000000017a20000,0x0000000017b20000)]
  0x0000000002c3d800 JavaThread "Finalizer" daemon [_thread_blocked, id=924, stack(0x0000000017820000,0x0000000017920000)]
  0x00000000165b9000 JavaThread "Reference Handler" daemon [_thread_blocked, id=4336, stack(0x0000000017720000,0x0000000017820000)]
  0x0000000002b3e800 JavaThread "main" [_thread_blocked, id=6368, stack(0x0000000002a30000,0x0000000002b30000)]

Other Threads:
  0x0000000016596800 VMThread [stack: 0x0000000017620000,0x0000000017720000] [id=3036]
  0x0000000017f49000 WatcherThread [stack: 0x0000000018420000,0x0000000018520000] [id=6096]

VM state:not at safepoint (normal execution)

VM Mutex/Monitor currently owned by a thread: None

heap address: 0x00000000a0000000, size: 1536 MB, Compressed Oops mode: 32-bit
Narrow klass base: 0x0000000000000000, Narrow klass shift: 3
Compressed class space size: 1073741824 Address: 0x0000000100000000

Heap:
 PSYoungGen      total 161280K, used 15465K [0x00000000e0000000, 0x00000000eaf00000, 0x0000000100000000)
  eden space 149504K, 10% used [0x00000000e0000000,0x00000000e0f1a740,0x00000000e9200000)
  from space 11776K, 0% used [0x00000000ea380000,0x00000000ea380000,0x00000000eaf00000)
  to   space 13824K, 0% used [0x00000000e9400000,0x00000000e9400000,0x00000000ea180000)
 ParOldGen       total 53760K, used 28843K [0x00000000a0000000, 0x00000000a3480000, 0x00000000e0000000)
  object space 53760K, 53% used [0x00000000a0000000,0x00000000a1c2ae50,0x00000000a3480000)
 Metaspace       used 57947K, capacity 59784K, committed 59904K, reserved 1101824K
  class space    used 7745K, capacity 8151K, committed 8192K, reserved 1048576K

Card table byte_map: [0x0000000012000000,0x0000000012310000] byte_map_base: 0x0000000011b00000

Marking Bits: (ParMarkBitMap*) 0x00000000532d9f30
 Begin Bits: [0x0000000012910000, 0x0000000014110000)
 End Bits:   [0x0000000014110000, 0x0000000015910000)

Polling page: 0x0000000000d40000

CodeCache: size=245760Kb used=17925Kb max_used=17925Kb free=227834Kb
 bounds [0x0000000002c40000, 0x0000000003de0000, 0x0000000011c40000]
 total_blobs=6062 nmethods=5258 adapters=718
 compilation: enabled

Compilation events (10 events):
Event: 29.772 Thread 0x00000000165d5800 5904       3       java.lang.String::lastIndexOf (151 bytes)
Event: 29.773 Thread 0x00000000165d5800 nmethod 5904 0x0000000003dd08d0 code [0x0000000003dd0a80, 0x0000000003dd0fd0]
Event: 29.803 Thread 0x00000000165d5800 5905       3       java.lang.reflect.Field::isSynthetic (8 bytes)
Event: 29.803 Thread 0x00000000165d5800 nmethod 5905 0x0000000003dd1450 code [0x0000000003dd15c0, 0x0000000003dd1870]
Event: 29.804 Thread 0x00000000165d5800 5906       3       java.lang.reflect.Field::getDeclaredAnnotations (8 bytes)
Event: 29.805 Thread 0x00000000165d5800 nmethod 5906 0x0000000003dd1910 code [0x0000000003dd1aa0, 0x0000000003dd1f08]
Event: 29.805 Thread 0x00000000165d5800 5907       1       org.gradle.api.internal.tasks.properties.DefaultTypeMetadataStore$DefaultTypeMetadata::getPropertiesMetadata (5 bytes)
Event: 29.806 Thread 0x00000000165d5800 nmethod 5907 0x0000000003dd2090 code [0x0000000003dd21e0, 0x0000000003dd22f0]
Event: 29.809 Thread 0x00000000165d5800 5908       1       org.gradle.api.internal.file.DefaultProjectLayout::getBuildDirectory (5 bytes)
Event: 29.809 Thread 0x00000000165d5800 nmethod 5908 0x0000000003dd2350 code [0x0000000003dd24a0, 0x0000000003dd25b0]

GC Heap History (10 events):
Event: 19.150 GC heap before
{Heap before GC invocations=13 (full 2):
 PSYoungGen      total 130048K, used 2328K [0x00000000e0000000, 0x00000000eaf00000, 0x0000000100000000)
  eden space 118272K, 0% used [0x00000000e0000000,0x00000000e0000000,0x00000000e7380000)
  from space 11776K, 19% used [0x00000000e7380000,0x00000000e75c60c0,0x00000000e7f00000)
  to   space 11776K, 0% used [0x00000000ea380000,0x00000000ea380000,0x00000000eaf00000)
 ParOldGen       total 37376K, used 18632K [0x00000000a0000000, 0x00000000a2480000, 0x00000000e0000000)
  object space 37376K, 49% used [0x00000000a0000000,0x00000000a1232010,0x00000000a2480000)
 Metaspace       used 34755K, capacity 35340K, committed 35456K, reserved 1079296K
  class space    used 4695K, capacity 4908K, committed 4992K, reserved 1048576K
Event: 19.300 GC heap after
Heap after GC invocations=13 (full 2):
 PSYoungGen      total 130048K, used 0K [0x00000000e0000000, 0x00000000eaf00000, 0x0000000100000000)
  eden space 118272K, 0% used [0x00000000e0000000,0x00000000e0000000,0x00000000e7380000)
  from space 11776K, 0% used [0x00000000e7380000,0x00000000e7380000,0x00000000e7f00000)
  to   space 11776K, 0% used [0x00000000ea380000,0x00000000ea380000,0x00000000eaf00000)
 ParOldGen       total 53760K, used 15030K [0x00000000a0000000, 0x00000000a3480000, 0x00000000e0000000)
  object space 53760K, 27% used [0x00000000a0000000,0x00000000a0eadad8,0x00000000a3480000)
 Metaspace       used 34676K, capacity 35248K, committed 35456K, reserved 1079296K
  class space    used 4671K, capacity 4880K, committed 4992K, reserved 1048576K
}
Event: 22.641 GC heap before
{Heap before GC invocations=14 (full 2):
 PSYoungGen      total 130048K, used 118272K [0x00000000e0000000, 0x00000000eaf00000, 0x0000000100000000)
  eden space 118272K, 100% used [0x00000000e0000000,0x00000000e7380000,0x00000000e7380000)
  from space 11776K, 0% used [0x00000000e7380000,0x00000000e7380000,0x00000000e7f00000)
  to   space 11776K, 0% used [0x00000000ea380000,0x00000000ea380000,0x00000000eaf00000)
 ParOldGen       total 53760K, used 15030K [0x00000000a0000000, 0x00000000a3480000, 0x00000000e0000000)
  object space 53760K, 27% used [0x00000000a0000000,0x00000000a0eadad8,0x00000000a3480000)
 Metaspace       used 44736K, capacity 45972K, committed 46208K, reserved 1089536K
  class space    used 5923K, capacity 6215K, committed 6272K, reserved 1048576K
Event: 22.667 GC heap after
Heap after GC invocations=14 (full 2):
 PSYoungGen      total 161280K, used 11750K [0x00000000e0000000, 0x00000000eaf00000, 0x0000000100000000)
  eden space 149504K, 0% used [0x00000000e0000000,0x00000000e0000000,0x00000000e9200000)
  from space 11776K, 99% used [0x00000000ea380000,0x00000000eaef98d8,0x00000000eaf00000)
  to   space 13824K, 0% used [0x00000000e9400000,0x00000000e9400000,0x00000000ea180000)
 ParOldGen       total 53760K, used 16068K [0x00000000a0000000, 0x00000000a3480000, 0x00000000e0000000)
  object space 53760K, 29% used [0x00000000a0000000,0x00000000a0fb1388,0x00000000a3480000)
 Metaspace       used 44736K, capacity 45972K, committed 46208K, reserved 1089536K
  class space    used 5923K, capacity 6215K, committed 6272K, reserved 1048576K
}
Event: 27.077 GC heap before
{Heap before GC invocations=15 (full 2):
 PSYoungGen      total 161280K, used 161254K [0x00000000e0000000, 0x00000000eaf00000, 0x0000000100000000)
  eden space 149504K, 100% used [0x00000000e0000000,0x00000000e9200000,0x00000000e9200000)
  from space 11776K, 99% used [0x00000000ea380000,0x00000000eaef98d8,0x00000000eaf00000)
  to   space 13824K, 0% used [0x00000000e9400000,0x00000000e9400000,0x00000000ea180000)
 ParOldGen       total 53760K, used 16068K [0x00000000a0000000, 0x00000000a3480000, 0x00000000e0000000)
  object space 53760K, 29% used [0x00000000a0000000,0x00000000a0fb1388,0x00000000a3480000)
 Metaspace       used 55857K, capacity 57686K, committed 57856K, reserved 1099776K
  class space    used 7466K, capacity 7858K, committed 7936K, reserved 1048576K
Event: 27.126 GC heap after
Heap after GC invocations=15 (full 2):
 PSYoungGen      total 163328K, used 13812K [0x00000000e0000000, 0x00000000eaf00000, 0x0000000100000000)
  eden space 149504K, 0% used [0x00000000e0000000,0x00000000e0000000,0x00000000e9200000)
  from space 13824K, 99% used [0x00000000e9400000,0x00000000ea17d338,0x00000000ea180000)
  to   space 11776K, 0% used [0x00000000ea380000,0x00000000ea380000,0x00000000eaf00000)
 ParOldGen       total 53760K, used 24997K [0x00000000a0000000, 0x00000000a3480000, 0x00000000e0000000)
  object space 53760K, 46% used [0x00000000a0000000,0x00000000a1869788,0x00000000a3480000)
 Metaspace       used 55857K, capacity 57686K, committed 57856K, reserved 1099776K
  class space    used 7466K, capacity 7858K, committed 7936K, reserved 1048576K
}
Event: 28.641 GC heap before
{Heap before GC invocations=16 (full 2):
 PSYoungGen      total 163328K, used 29124K [0x00000000e0000000, 0x00000000eaf00000, 0x0000000100000000)
  eden space 149504K, 10% used [0x00000000e0000000,0x00000000e0ef3dd0,0x00000000e9200000)
  from space 13824K, 99% used [0x00000000e9400000,0x00000000ea17d338,0x00000000ea180000)
  to   space 11776K, 0% used [0x00000000ea380000,0x00000000ea380000,0x00000000eaf00000)
 ParOldGen       total 53760K, used 24997K [0x00000000a0000000, 0x00000000a3480000, 0x00000000e0000000)
  object space 53760K, 46% used [0x00000000a0000000,0x00000000a1869788,0x00000000a3480000)
 Metaspace       used 57191K, capacity 59026K, committed 59096K, reserved 1099776K
  class space    used 7618K, capacity 8038K, committed 8064K, reserved 1048576K
Event: 28.667 GC heap after
Heap after GC invocations=16 (full 2):
 PSYoungGen      total 161280K, used 1392K [0x00000000e0000000, 0x00000000eaf00000, 0x0000000100000000)
  eden space 149504K, 0% used [0x00000000e0000000,0x00000000e0000000,0x00000000e9200000)
  from space 11776K, 11% used [0x00000000ea380000,0x00000000ea4dc010,0x00000000eaf00000)
  to   space 13824K, 0% used [0x00000000e9400000,0x00000000e9400000,0x00000000ea180000)
 ParOldGen       total 53760K, used 33876K [0x00000000a0000000, 0x00000000a3480000, 0x00000000e0000000)
  object space 53760K, 63% used [0x00000000a0000000,0x00000000a2115120,0x00000000a3480000)
 Metaspace       used 57191K, capacity 59026K, committed 59096K, reserved 1099776K
  class space    used 7618K, capacity 8038K, committed 8064K, reserved 1048576K
}
Event: 28.667 GC heap before
{Heap before GC invocations=17 (full 3):
 PSYoungGen      total 161280K, used 1392K [0x00000000e0000000, 0x00000000eaf00000, 0x0000000100000000)
  eden space 149504K, 0% used [0x00000000e0000000,0x00000000e0000000,0x00000000e9200000)
  from space 11776K, 11% used [0x00000000ea380000,0x00000000ea4dc010,0x00000000eaf00000)
  to   space 13824K, 0% used [0x00000000e9400000,0x00000000e9400000,0x00000000ea180000)
 ParOldGen       total 53760K, used 33876K [0x00000000a0000000, 0x00000000a3480000, 0x00000000e0000000)
  object space 53760K, 63% used [0x00000000a0000000,0x00000000a2115120,0x00000000a3480000)
 Metaspace       used 57191K, capacity 59026K, committed 59096K, reserved 1099776K
  class space    used 7618K, capacity 8038K, committed 8064K, reserved 1048576K
Event: 29.100 GC heap after
Heap after GC invocations=17 (full 3):
 PSYoungGen      total 161280K, used 0K [0x00000000e0000000, 0x00000000eaf00000, 0x0000000100000000)
  eden space 149504K, 0% used [0x00000000e0000000,0x00000000e0000000,0x00000000e9200000)
  from space 11776K, 0% used [0x00000000ea380000,0x00000000ea380000,0x00000000eaf00000)
  to   space 13824K, 0% used [0x00000000e9400000,0x00000000e9400000,0x00000000ea180000)
 ParOldGen       total 53760K, used 28843K [0x00000000a0000000, 0x00000000a3480000, 0x00000000e0000000)
  object space 53760K, 53% used [0x00000000a0000000,0x00000000a1c2ae50,0x00000000a3480000)
 Metaspace       used 57177K, capacity 58978K, committed 59096K, reserved 1099776K
  class space    used 7614K, capacity 8030K, committed 8064K, reserved 1048576K
}

Deoptimization events (10 events):
Event: 24.067 Thread 0x00000000193db800 Uncommon trap: reason=unstable_if action=reinterpret pc=0x0000000003a39c6c method=org.gradle.internal.reflect.PropertyAccessorType.of(Ljava/lang/reflect/Method;)Lorg/gradle/internal/reflect/PropertyAccessorType; @ 56
Event: 24.097 Thread 0x00000000193db800 Uncommon trap: reason=array_check action=maybe_recompile pc=0x0000000003184970 method=java.util.ComparableTimSort.binarySort([Ljava/lang/Object;III)V @ 215
Event: 24.124 Thread 0x00000000193db800 Uncommon trap: reason=unstable_if action=reinterpret pc=0x00000000039c38b4 method=groovy.lang.MetaClassImpl.filterPropertyMethod(Ljava/lang/Object;ZZ)Ljava/lang/Object; @ 72
Event: 24.197 Thread 0x00000000193db800 Uncommon trap: reason=array_check action=maybe_recompile pc=0x0000000003b28a00 method=java.util.ComparableTimSort.binarySort([Ljava/lang/Object;III)V @ 183
Event: 24.198 Thread 0x00000000193db800 Uncommon trap: reason=array_check action=maybe_recompile pc=0x0000000003b28950 method=java.util.ComparableTimSort.binarySort([Ljava/lang/Object;III)V @ 193
Event: 24.198 Thread 0x00000000193db800 Uncommon trap: reason=array_check action=maybe_recompile pc=0x0000000003b28950 method=java.util.ComparableTimSort.binarySort([Ljava/lang/Object;III)V @ 193
Event: 24.491 Thread 0x00000000193db800 Uncommon trap: reason=unstable_if action=reinterpret pc=0x0000000003a8394c method=org.gradle.internal.instantiation.AbstractClassGenerator$InjectionAnnotationValidator.validateMethod(Ljava/lang/reflect/Method;Lorg/gradle/internal/reflect/PropertyAccessorT
Event: 25.123 Thread 0x00000000193db800 Uncommon trap: reason=unstable_if action=reinterpret pc=0x0000000003202f84 method=java.lang.String.lastIndexOf([CII[CIII)I @ 17
Event: 25.509 Thread 0x00000000193db800 Uncommon trap: reason=unstable_if action=reinterpret pc=0x0000000003c20548 method=kotlin.reflect.jvm.internal.impl.protobuf.CodedInputStream.readRawVarint32()I @ 10
Event: 26.605 Thread 0x00000000193db800 Uncommon trap: reason=unstable_if action=reinterpret pc=0x00000000037e1fc0 method=java.io.WinNTFileSystem.normalize(Ljava/lang/String;)Ljava/lang/String; @ 74

Classes redefined (0 events):
No events

Internal exceptions (10 events):
Event: 26.486 Thread 0x00000000193db800 Exception <a 'java/lang/ClassNotFoundException': com/android/build/gradle/internal/api/BaseVariantOutputImplBeanInfo> (0x00000000e8550378) thrown at [D:\src\AOSP-openjdk-cygwin\jdk8u\hotspot\src\share\vm\classfile\systemDictionary.cpp, line 210]
Event: 26.487 Thread 0x00000000193db800 Exception <a 'java/lang/ClassNotFoundException': com/android/build/gradle/internal/api/BaseVariantOutputImplCustomizer> (0x00000000e856bee8) thrown at [D:\src\AOSP-openjdk-cygwin\jdk8u\hotspot\src\share\vm\classfile\systemDictionary.cpp, line 210]
Event: 26.490 Thread 0x00000000193db800 Exception <a 'java/lang/ClassNotFoundException': com/android/build/gradle/internal/api/ApkVariantOutputImplCustomizer> (0x00000000e85a1990) thrown at [D:\src\AOSP-openjdk-cygwin\jdk8u\hotspot\src\share\vm\classfile\systemDictionary.cpp, line 210]
Event: 26.493 Thread 0x00000000193db800 Exception <a 'java/lang/ClassNotFoundException': com/android/build/gradle/internal/api/ApkVariantOutputImpl_DecoratedCustomizer> (0x00000000e85d24e8) thrown at [D:\src\AOSP-openjdk-cygwin\jdk8u\hotspot\src\share\vm\classfile\systemDictionary.cpp, line 210
Event: 27.546 Thread 0x00000000193db800 Exception <a 'java/lang/NoSuchMethodError': java.lang.Object.lambda$static$0(Ljava/util/Set;Ljava/util/Set;)Z> (0x00000000e061d8d0) thrown at [D:\src\AOSP-openjdk-cygwin\jdk8u\hotspot\src\share\vm\interpreter\linkResolver.cpp, line 620]
Event: 27.547 Thread 0x00000000193db800 Exception <a 'java/lang/NoSuchMethodError': java.lang.Object.lambda$static$1(Ljava/util/Set;Ljava/util/Set;)Z> (0x00000000e0620840) thrown at [D:\src\AOSP-openjdk-cygwin\jdk8u\hotspot\src\share\vm\interpreter\linkResolver.cpp, line 620]
Event: 27.548 Thread 0x00000000193db800 Exception <a 'java/lang/NoSuchMethodError': java.lang.Object.lambda$static$2(Ljava/util/Set;Ljava/util/Set;)Z> (0x00000000e0623380) thrown at [D:\src\AOSP-openjdk-cygwin\jdk8u\hotspot\src\share\vm\interpreter\linkResolver.cpp, line 620]
Event: 27.549 Thread 0x00000000193db800 Exception <a 'java/lang/NoSuchMethodError': java.lang.Object.lambda$static$3(Ljava/util/Set;Ljava/util/Set;)Z> (0x00000000e0625ec0) thrown at [D:\src\AOSP-openjdk-cygwin\jdk8u\hotspot\src\share\vm\interpreter\linkResolver.cpp, line 620]
Event: 27.550 Thread 0x00000000193db800 Exception <a 'java/lang/NoSuchMethodError': java.lang.Object.lambda$static$4(Ljava/util/Set;Ljava/util/Set;)Z> (0x00000000e0628a00) thrown at [D:\src\AOSP-openjdk-cygwin\jdk8u\hotspot\src\share\vm\interpreter\linkResolver.cpp, line 620]
Event: 29.718 Thread 0x00000000193db800 Exception <a 'java/lang/NoSuchMethodError': java.lang.Object.lambda$identity$2(Ljava/lang/Object;)Ljava/lang/Object;> (0x00000000e0bad890) thrown at [D:\src\AOSP-openjdk-cygwin\jdk8u\hotspot\src\share\vm\interpreter\linkResolver.cpp, line 620]

Events (10 events):
Event: 29.792 loading class com/android/ide/common/resources/SourceSet
Event: 29.792 loading class com/android/ide/common/resources/SourceSet done
Event: 29.793 loading class com/android/ide/common/resources/DataMap
Event: 29.793 loading class com/android/ide/common/resources/DataMap done
Event: 29.796 loading class com/android/ide/common/resources/FileValidity
Event: 29.796 loading class com/android/ide/common/resources/FileValidity done
Event: 29.800 loading class com/android/ide/common/resources/FileValidity$FileStatus
Event: 29.801 loading class com/android/ide/common/resources/FileValidity$FileStatus done
Event: 29.809 loading class com/android/build/gradle/tasks/MergeSourceSetFolders$MergeAssetBaseCreationAction$configure$assetDirFunction$1
Event: 29.809 loading class com/android/build/gradle/tasks/MergeSourceSetFolders$MergeAssetBaseCreationAction$configure$assetDirFunction$1 done


Dynamic libraries:
0x00007ff77cb40000 - 0x00007ff77cb71000 	C:\Program Files\Android\Android Studio\jre\bin\java.exe
0x00007fff4b540000 - 0x00007fff4b72d000 	C:\WINDOWS\SYSTEM32\ntdll.dll
0x00007fff4b250000 - 0x00007fff4b303000 	C:\WINDOWS\System32\KERNEL32.DLL
0x00007fff475d0000 - 0x00007fff47863000 	C:\WINDOWS\System32\KERNELBASE.dll
0x00007fff48730000 - 0x00007fff487d3000 	C:\WINDOWS\System32\ADVAPI32.dll
0x00007fff4ad70000 - 0x00007fff4ae0e000 	C:\WINDOWS\System32\msvcrt.dll
0x00007fff4a320000 - 0x00007fff4a3be000 	C:\WINDOWS\System32\sechost.dll
0x00007fff4a3c0000 - 0x00007fff4a4e2000 	C:\WINDOWS\System32\RPCRT4.dll
0x00007fff4a630000 - 0x00007fff4a7c7000 	C:\WINDOWS\System32\USER32.dll
0x00007fff47a30000 - 0x00007fff47a50000 	C:\WINDOWS\System32\win32u.dll
0x00007fff49e70000 - 0x00007fff49e99000 	C:\WINDOWS\System32\GDI32.dll
0x00007fff48590000 - 0x00007fff48729000 	C:\WINDOWS\System32\gdi32full.dll
0x00007fff47990000 - 0x00007fff47a30000 	C:\WINDOWS\System32\msvcp_win.dll
0x00007fff47870000 - 0x00007fff4796a000 	C:\WINDOWS\System32\ucrtbase.dll
0x00007fff36e60000 - 0x00007fff370d9000 	C:\WINDOWS\WinSxS\amd64_microsoft.windows.common-controls_6595b64144ccf1df_6.0.17763.973_none_05b245900721eb81\COMCTL32.dll
0x00007fff4ae70000 - 0x00007fff4b19c000 	C:\WINDOWS\System32\combase.dll
0x00007fff48430000 - 0x00007fff484ae000 	C:\WINDOWS\System32\bcryptPrimitives.dll
0x00007fff4b220000 - 0x00007fff4b24e000 	C:\WINDOWS\System32\IMM32.DLL
0x0000000054bd0000 - 0x0000000054ca2000 	C:\Program Files\Android\Android Studio\jre\jre\bin\msvcr100.dll
0x0000000052b10000 - 0x0000000053356000 	C:\Program Files\Android\Android Studio\jre\jre\bin\server\jvm.dll
0x00007fff4aab0000 - 0x00007fff4aab8000 	C:\WINDOWS\System32\PSAPI.DLL
0x00007fff3c370000 - 0x00007fff3c37a000 	C:\WINDOWS\SYSTEM32\VERSION.dll
0x00007fff3e660000 - 0x00007fff3e684000 	C:\WINDOWS\SYSTEM32\WINMM.dll
0x00007fff3c500000 - 0x00007fff3c509000 	C:\WINDOWS\SYSTEM32\WSOCK32.dll
0x00007fff4a5c0000 - 0x00007fff4a62d000 	C:\WINDOWS\System32\WS2_32.dll
0x00007fff3e630000 - 0x00007fff3e65d000 	C:\WINDOWS\SYSTEM32\winmmbase.dll
0x00007fff47a50000 - 0x00007fff47a9a000 	C:\WINDOWS\System32\cfgmgr32.dll
0x00007fff433b0000 - 0x00007fff433bf000 	C:\Program Files\Android\Android Studio\jre\jre\bin\verify.dll
0x00007fff40460000 - 0x00007fff40489000 	C:\Program Files\Android\Android Studio\jre\jre\bin\java.dll
0x00007fff42e30000 - 0x00007fff42e46000 	C:\Program Files\Android\Android Studio\jre\jre\bin\zip.dll
0x00007fff48970000 - 0x00007fff49e64000 	C:\WINDOWS\System32\SHELL32.dll
0x00007fff4acb0000 - 0x00007fff4ad58000 	C:\WINDOWS\System32\shcore.dll
0x00007fff47aa0000 - 0x00007fff481ed000 	C:\WINDOWS\System32\windows.storage.dll
0x00007fff47580000 - 0x00007fff475a4000 	C:\WINDOWS\System32\profapi.dll
0x00007fff47500000 - 0x00007fff4755d000 	C:\WINDOWS\System32\powrprof.dll
0x00007fff4ae10000 - 0x00007fff4ae62000 	C:\WINDOWS\System32\shlwapi.dll
0x00007fff47560000 - 0x00007fff47571000 	C:\WINDOWS\System32\kernel.appcore.dll
0x00007fff47970000 - 0x00007fff47987000 	C:\WINDOWS\System32\cryptsp.dll
0x00007fff3fcf0000 - 0x00007fff3fd0a000 	C:\Program Files\Android\Android Studio\jre\jre\bin\net.dll
0x00007fff46d10000 - 0x00007fff46d77000 	C:\WINDOWS\system32\mswsock.dll
0x00007fff3f970000 - 0x00007fff3f981000 	C:\Program Files\Android\Android Studio\jre\jre\bin\nio.dll
0x00007fff404a0000 - 0x00007fff404c6000 	C:\Users\ruman\.gradle\native\29\windows-amd64\native-platform.dll
0x00007fff42ed0000 - 0x00007fff42edd000 	C:\Program Files\Android\Android Studio\jre\jre\bin\management.dll
0x00007fff46890000 - 0x00007fff468c3000 	C:\WINDOWS\system32\rsaenh.dll
0x00007fff484b0000 - 0x00007fff484d6000 	C:\WINDOWS\System32\bcrypt.dll
0x00007fff47400000 - 0x00007fff47428000 	C:\WINDOWS\SYSTEM32\USERENV.dll
0x00007fff46ee0000 - 0x00007fff46eec000 	C:\WINDOWS\SYSTEM32\CRYPTBASE.dll
0x00007fff46a30000 - 0x00007fff46a6d000 	C:\WINDOWS\SYSTEM32\IPHLPAPI.DLL
0x00007fff4aae0000 - 0x00007fff4aae8000 	C:\WINDOWS\System32\NSI.dll
0x00007fff41630000 - 0x00007fff41646000 	C:\WINDOWS\SYSTEM32\dhcpcsvc6.DLL
0x00007fff41740000 - 0x00007fff4175c000 	C:\WINDOWS\SYSTEM32\dhcpcsvc.DLL
0x00007fff46a70000 - 0x00007fff46b36000 	C:\WINDOWS\SYSTEM32\DNSAPI.dll

VM Arguments:
jvm_args: -Xmx1536m -Dfile.encoding=windows-1252 -Duser.country=IN -Duser.language=en -Duser.variant 
java_command: org.gradle.launcher.daemon.bootstrap.GradleDaemon 5.4.1
java_class_path (initial): C:\Users\ruman\.gradle\wrapper\dists\gradle-5.4.1-all\3221gyojl5jsh0helicew7rwx\gradle-5.4.1\lib\gradle-launcher-5.4.1.jar
Launcher Type: SUN_STANDARD

Environment Variables:
PATH=C:\ProgramData\Oracle\Java\javapath;C:\WINDOWS\system32;C:\WINDOWS;C:\WINDOWS\System32\Wbem;C:\WINDOWS\System32\WindowsPowerShell\v1.0\;C:\Program Files (x86)\ATI Technologies\ATI.ACE\Core-Static;C:\Program Files\Microsoft SQL Server\130\Tools\Binn\;C:\Users\ruman\.dnx\bin;C:\Program Files\Microsoft DNX\Dnvm\;C:\Users\ruman\AppData\Local\Microsoft\WindowsApps;C:\adb;C:\WINDOWS\system32;C:\WINDOWS;C:\WINDOWS\System32\Wbem;C:\WINDOWS\System32\WindowsPowerShell\v1.0\;"C:\Program Files\Java\jdk1.8.0_144\bin;";C:\Program Files\Microsoft SQL Server\Client SDK\ODBC\130\Tools\Binn\;C:\Program Files (x86)\Microsoft SQL Server\140\Tools\Binn\;C:\Program Files\Microsoft SQL Server\140\Tools\Binn\;C:\Program Files\Microsoft SQL Server\140\DTS\Binn\;C:\Program Files\nvm;C:\Program Files\nodejs;C:\Program Files\Git\cmd;C:\WINDOWS\System32\OpenSSH\;C:\Users\ruman\AppData\Local\Microsoft\WindowsApps;C:\Users\ruman\AppData\Roaming\npm;C:\Program Files\Java\jdk1.8.0_144\bin;C:\Program Files\nvm;C:\Program Files\nodejs;C:\Program Files (x86)\Atmel\Flip 3.4.7\bin;
USERNAME=ruman
OS=Windows_NT
PROCESSOR_IDENTIFIER=AMD64 Family 22 Model 48 Stepping 1, AuthenticAMD



---------------  S Y S T E M  ---------------

OS: Windows 10.0 , 64 bit Build 17763 (10.0.17763.475)

CPU:total 4 (initial active 4) (4 cores per cpu, 1 threads per core) family 22 model 48 stepping 1, cmov, cx8, fxsr, mmx, sse, sse2, sse3, ssse3, sse4.1, sse4.2, popcnt, avx, aes, clmul, mmxext, 3dnowpref, lzcnt, sse4a, tsc, tscinvbit, tscinv, bmi1

Memory: 4k page, physical 3627192k(377728k free), swap 6903988k(3268k free)

vm_info: OpenJDK 64-Bit Server VM (25.202-b03) for windows-amd64 JRE (1.8.0_202-release-1483-b03), built by "builder" with MS VC++ 10.0 (VS2010)

time: Sun Jan 26 00:39:46 2020
timezone: Malay Peninsula Standard Time
elapsed time: 29 seconds (0d 0h 0m 29s)

