#
# There is insufficient memory for the Java Runtime Environment to continue.
# Native memory allocation (malloc) failed to allocate 1134736 bytes for Chunk::new
# Possible reasons:
#   The system is out of physical RAM or swap space
#   The process is running with CompressedOops enabled, and the Java Heap may be blocking the growth of the native heap
# Possible solutions:
#   Reduce memory load on the system
#   Increase physical memory or swap space
#   Check if swap backing store is full
#   Decrease Java heap size (-Xmx/-Xms)
#   Decrease number of Java threads
#   Decrease Java thread stack sizes (-Xss)
#   Set larger code cache with -XX:ReservedCodeCacheSize=
#   JVM is running with Unscaled Compressed Oops mode in which the Java heap is
#     placed in the first 4GB address space. The Java Heap base address is the
#     maximum limit for the native heap growth. Please use -XX:HeapBaseMinAddress
#     to set the Java Heap base and to place the Java Heap above 4GB virtual address.
# This output file may be truncated or incomplete.
#
#  Out of Memory Error (allocation.cpp:389), pid=4656, tid=0x0000000000001418
#
# JRE version: OpenJDK Runtime Environment (8.0_202-b03) (build 1.8.0_202-release-1483-b03)
# Java VM: OpenJDK 64-Bit Server VM (25.202-b03 mixed mode windows-amd64 compressed oops)
# Failed to write core dump. Minidumps are not enabled by default on client versions of Windows
#

---------------  T H R E A D  ---------------

Current thread (0x0000000016818800):  JavaThread "C2 CompilerThread0" daemon [_thread_in_native, id=5144, stack(0x0000000017e90000,0x0000000017f90000)]

Stack: [0x0000000017e90000,0x0000000017f90000]
[error occurred during error reporting (printing stack bounds), id 0xc0000005]

Native frames: (J=compiled Java code, j=interpreted, Vv=VM code, C=native code)


Current CompileTask:
C2:  77799 9985       4       com.android.tools.r8.graph.DexEncodedMethod::a (32 bytes)


---------------  P R O C E S S  ---------------

Java Threads: ( => current thread )
  0x000000001e71d000 JavaThread "Cache worker for Java compile cache (C:\Users\ruman\Desktop\apks\HAR-Android-App1\.gradle\5.4.1\javaCompile)" [_thread_blocked, id=7520, stack(0x0000000024690000,0x0000000024790000)]
  0x000000001e714000 JavaThread "Cache worker for Java compile cache (C:\Users\ruman\.gradle\caches\5.4.1\javaCompile)" [_thread_blocked, id=3216, stack(0x0000000024590000,0x0000000024690000)]
  0x000000001e71a000 JavaThread "ForkJoinPool-2-worker-0" daemon [_thread_blocked, id=9304, stack(0x0000000024490000,0x0000000024590000)]
  0x000000001e719800 JavaThread "ForkJoinPool-2-worker-3" daemon [_thread_blocked, id=6820, stack(0x0000000024390000,0x0000000024490000)]
  0x000000001e718800 JavaThread "ForkJoinPool-2-worker-2" daemon [_thread_blocked, id=11228, stack(0x0000000024290000,0x0000000024390000)]
  0x000000001e718000 JavaThread "stdout" [_thread_in_native, id=8536, stack(0x0000000023e90000,0x0000000023f90000)]
  0x000000001e70f000 JavaThread "stderr" [_thread_in_native, id=7240, stack(0x0000000023d90000,0x0000000023e90000)]
  0x000000001e713800 JavaThread "stdout" [_thread_in_native, id=5780, stack(0x0000000023c90000,0x0000000023d90000)]
  0x000000001e712800 JavaThread "stderr" [_thread_in_native, id=6160, stack(0x0000000023b90000,0x0000000023c90000)]
  0x000000001e710800 JavaThread "stdout" [_thread_in_native, id=11016, stack(0x0000000023a90000,0x0000000023b90000)]
  0x000000001e715800 JavaThread "stderr" [_thread_in_native, id=10672, stack(0x0000000023990000,0x0000000023a90000)]
  0x000000001e712000 JavaThread "stdout" [_thread_in_native, id=9232, stack(0x0000000023890000,0x0000000023990000)]
  0x000000001e70e000 JavaThread "stderr" [_thread_in_native, id=8292, stack(0x0000000023790000,0x0000000023890000)]
  0x000000001e70f800 JavaThread "pool-2-thread-1" [_thread_blocked, id=4284, stack(0x0000000023690000,0x0000000023790000)]
  0x000000001e715000 JavaThread "WorkerExecutor Queue Thread 4" [_thread_blocked, id=9628, stack(0x0000000023590000,0x0000000023690000)]
  0x000000001e711000 JavaThread "WorkerExecutor Queue Thread 3" [_thread_blocked, id=10744, stack(0x0000000023490000,0x0000000023590000)]
  0x000000001c6b4800 JavaThread "WorkerExecutor Queue Thread 2" [_thread_blocked, id=4252, stack(0x0000000023390000,0x0000000023490000)]
  0x000000001c6b2800 JavaThread "WorkerExecutor Queue" [_thread_blocked, id=9936, stack(0x0000000022e90000,0x0000000022f90000)]
  0x000000001c6b6000 JavaThread "Cache worker for execution history cache (C:\Users\ruman\Desktop\apks\HAR-Android-App1\.gradle\5.4.1\executionHistory)" [_thread_blocked, id=9004, stack(0x0000000022b90000,0x0000000022c90000)]
  0x000000001c6b5800 JavaThread "Execution worker for ':' Thread 3" [_thread_in_native, id=1104, stack(0x0000000022a90000,0x0000000022b90000)]
  0x000000001c6ab000 JavaThread "Execution worker for ':' Thread 2" [_thread_blocked, id=3272, stack(0x0000000022990000,0x0000000022a90000)]
  0x000000001c6b1800 JavaThread "Execution worker for ':'" [_thread_blocked, id=9296, stack(0x0000000022890000,0x0000000022990000)]
  0x000000001c6b1000 JavaThread "Cache worker for file content cache (C:\Users\ruman\Desktop\apks\HAR-Android-App1\.gradle\5.4.1\fileContent)" [_thread_blocked, id=2444, stack(0x0000000022590000,0x0000000022690000)]
  0x000000001c6b0000 JavaThread "Cache worker for file content cache (C:\Users\ruman\.gradle\caches\5.4.1\fileContent)" [_thread_blocked, id=608, stack(0x0000000022490000,0x0000000022590000)]
  0x000000001c6af800 JavaThread "Memory manager" [_thread_blocked, id=9900, stack(0x0000000020560000,0x0000000020660000)]
  0x000000001c6ac800 JavaThread "Cache worker for Build Output Cleanup Cache (C:\Users\ruman\Desktop\apks\HAR-Android-App1\.gradle\buildOutputCleanup)" [_thread_blocked, id=9544, stack(0x0000000020210000,0x0000000020310000)]
  0x000000001c6ab800 JavaThread "Build operations Thread 4" [_thread_blocked, id=2000, stack(0x000000001ff10000,0x0000000020010000)]
  0x000000001c6ae000 JavaThread "Build operations Thread 3" [_thread_blocked, id=10776, stack(0x000000001fe10000,0x000000001ff10000)]
  0x000000001c6aa000 JavaThread "Build operations Thread 2" [_thread_blocked, id=1928, stack(0x000000001fd10000,0x000000001fe10000)]
  0x000000001c6a8800 JavaThread "Build operations" [_thread_blocked, id=10768, stack(0x000000001fc10000,0x000000001fd10000)]
  0x000000001c6ad000 JavaThread "Cache worker for execution history cache (C:\Users\ruman\.gradle\caches\5.4.1\executionHistory)" [_thread_blocked, id=4228, stack(0x000000001f910000,0x000000001fa10000)]
  0x000000001c6ae800 JavaThread "Cache worker for cache directory md-rule (C:\Users\ruman\.gradle\caches\5.4.1\md-rule)" [_thread_blocked, id=7768, stack(0x000000001f810000,0x000000001f910000)]
  0x0000000018b43800 JavaThread "Cache worker for cache directory md-supplier (C:\Users\ruman\.gradle\caches\5.4.1\md-supplier)" [_thread_blocked, id=3380, stack(0x000000001e850000,0x000000001e950000)]
  0x0000000018b43000 JavaThread "Cache worker for file hash cache (C:\Users\ruman\Desktop\apks\HAR-Android-App1\.gradle\5.4.1\fileHashes)" [_thread_blocked, id=8756, stack(0x000000001e750000,0x000000001e850000)]
  0x0000000018b3f000 JavaThread "Cache worker for journal cache (C:\Users\ruman\.gradle\caches\journal-1)" [_thread_blocked, id=3300, stack(0x000000001b3e0000,0x000000001b4e0000)]
  0x0000000018b3e800 JavaThread "File lock request listener" [_thread_in_native, id=7032, stack(0x000000001b2e0000,0x000000001b3e0000)]
  0x0000000019bef800 JavaThread "Cache worker for file hash cache (C:\Users\ruman\.gradle\caches\5.4.1\fileHashes)" [_thread_blocked, id=9704, stack(0x000000001b1e0000,0x000000001b2e0000)]
  0x0000000018521800 JavaThread "Thread-9" [_thread_blocked, id=10420, stack(0x000000001b0e0000,0x000000001b1e0000)]
  0x000000001834a800 JavaThread "Asynchronous log dispatcher for DefaultDaemonConnection: socket connection from /127.0.0.1:56382 to /127.0.0.1:56383" [_thread_blocked, id=6516, stack(0x000000001aee0000,0x000000001afe0000)]
  0x00000000183fb800 JavaThread "Daemon worker" [_thread_blocked, id=1580, stack(0x000000001ade0000,0x000000001aee0000)]
  0x00000000183fb000 JavaThread "Cancel handler" [_thread_blocked, id=4748, stack(0x000000001ace0000,0x000000001ade0000)]
  0x0000000018518000 JavaThread "Handler for socket connection from /127.0.0.1:56382 to /127.0.0.1:56383" [_thread_in_native, id=5336, stack(0x000000001a9e0000,0x000000001aae0000)]
  0x0000000018515800 JavaThread "Daemon" [_thread_blocked, id=9516, stack(0x000000001a8e0000,0x000000001a9e0000)]
  0x00000000181d5000 JavaThread "Daemon periodic checks" [_thread_blocked, id=9220, stack(0x000000001a7e0000,0x000000001a8e0000)]
  0x0000000019645800 JavaThread "Incoming local TCP Connector on port 56382" [_thread_in_native, id=7880, stack(0x000000001a5a0000,0x000000001a6a0000)]
  0x00000000198bf800 JavaThread "Daemon health stats" [_thread_blocked, id=7840, stack(0x0000000019f60000,0x000000001a060000)]
  0x00000000181b8800 JavaThread "Service Thread" daemon [_thread_blocked, id=3440, stack(0x0000000018590000,0x0000000018690000)]
  0x000000001682a800 JavaThread "C1 CompilerThread2" daemon [_thread_blocked, id=8072, stack(0x0000000018090000,0x0000000018190000)]
  0x000000001681c000 JavaThread "C2 CompilerThread1" daemon [_thread_blocked, id=276, stack(0x0000000017f90000,0x0000000018090000)]
=>0x0000000016818800 JavaThread "C2 CompilerThread0" daemon [_thread_in_native, id=5144, stack(0x0000000017e90000,0x0000000017f90000)]
  0x0000000016826800 JavaThread "Attach Listener" daemon [_thread_blocked, id=10132, stack(0x0000000017d90000,0x0000000017e90000)]
  0x0000000016825000 JavaThread "Signal Dispatcher" daemon [_thread_blocked, id=1508, stack(0x0000000017c90000,0x0000000017d90000)]
  0x0000000002eab000 JavaThread "Finalizer" daemon [_thread_blocked, id=9916, stack(0x0000000017a90000,0x0000000017b90000)]
  0x0000000016809000 JavaThread "Reference Handler" daemon [_thread_blocked, id=2620, stack(0x0000000017990000,0x0000000017a90000)]
  0x0000000002dae800 JavaThread "main" [_thread_blocked, id=3668, stack(0x0000000002c90000,0x0000000002d90000)]

Other Threads:
  0x00000000167e6800 VMThread [stack: 0x0000000017890000,0x0000000017990000] [id=3536]
  0x000000001686b000 WatcherThread [stack: 0x0000000018690000,0x0000000018790000] [id=2596]

VM state:not at safepoint (normal execution)

VM Mutex/Monitor currently owned by a thread: None

heap address: 0x00000000a0000000, size: 1536 MB, Compressed Oops mode: 32-bit
Narrow klass base: 0x0000000000000000, Narrow klass shift: 3
Compressed class space size: 1073741824 Address: 0x0000000100000000

Heap:
 PSYoungGen      total 153600K, used 70902K [0x00000000e0000000, 0x00000000ebf80000, 0x0000000100000000)
  eden space 136704K, 39% used [0x00000000e0000000,0x00000000e34c34e8,0x00000000e8580000)
  from space 16896K, 99% used [0x00000000e8580000,0x00000000e95fa6d8,0x00000000e9600000)
  to   space 20992K, 0% used [0x00000000eab00000,0x00000000eab00000,0x00000000ebf80000)
 ParOldGen       total 81408K, used 39113K [0x00000000a0000000, 0x00000000a4f80000, 0x00000000e0000000)
  object space 81408K, 48% used [0x00000000a0000000,0x00000000a26326e8,0x00000000a4f80000)
 Metaspace       used 70765K, capacity 73034K, committed 73176K, reserved 1112064K
  class space    used 9606K, capacity 10130K, committed 10240K, reserved 1048576K

Card table byte_map: [0x0000000012270000,0x0000000012580000] byte_map_base: 0x0000000011d70000

Marking Bits: (ParMarkBitMap*) 0x00000000532d9f30
 Begin Bits: [0x0000000012b80000, 0x0000000014380000)
 End Bits:   [0x0000000014380000, 0x0000000015b80000)

Polling page: 0x0000000000bf0000

CodeCache: size=245760Kb used=28743Kb max_used=28756Kb free=217016Kb
 bounds [0x0000000002eb0000, 0x0000000004af0000, 0x0000000011eb0000]
 total_blobs=9470 nmethods=8642 adapters=742
 compilation: enabled

Compilation events (10 events):
Event: 77.522 Thread 0x000000001682a800 10073       1       java.util.stream.MatchOps$MatchOp::getOpFlags (8 bytes)
Event: 77.522 Thread 0x000000001682a800 nmethod 10073 0x0000000004ac0a50 code [0x0000000004ac0ba0, 0x0000000004ac0cb0]
Event: 77.522 Thread 0x000000001682a800 10072       1       java.util.stream.Sink::begin (1 bytes)
Event: 77.522 Thread 0x000000001682a800 nmethod 10072 0x0000000004ac0d10 code [0x0000000004ac0e60, 0x0000000004ac0f70]
Event: 77.522 Thread 0x000000001682a800 10071       3       com.android.tools.r8.graph.j::equals (57 bytes)
Event: 77.523 Thread 0x000000001682a800 nmethod 10071 0x0000000004ac0fd0 code [0x0000000004ac11a0, 0x0000000004ac1a38]
Event: 77.524 Thread 0x000000001682a800 10070       3       com.android.tools.r8.graph.DexProgramClass::U (50 bytes)
Event: 77.529 Thread 0x000000001682a800 nmethod 10070 0x0000000004ac1cd0 code [0x0000000004ac21e0, 0x0000000004ac5258]
Event: 77.529 Thread 0x000000001682a800 10074       3       com.android.tools.r8.graph.j::hashCode (23 bytes)
Event: 77.530 Thread 0x000000001682a800 nmethod 10074 0x0000000004ac7810 code [0x0000000004ac79a0, 0x0000000004ac7d78]

GC Heap History (10 events):
Event: 22.476 GC heap before
{Heap before GC invocations=20 (full 3):
 PSYoungGen      total 126976K, used 7131K [0x00000000e0000000, 0x00000000e9e80000, 0x0000000100000000)
  eden space 113152K, 0% used [0x00000000e0000000,0x00000000e0000000,0x00000000e6e80000)
  from space 13824K, 51% used [0x00000000e6e80000,0x00000000e7576cb8,0x00000000e7c00000)
  to   space 13312K, 0% used [0x00000000e9180000,0x00000000e9180000,0x00000000e9e80000)
 ParOldGen       total 48640K, used 33376K [0x00000000a0000000, 0x00000000a2f80000, 0x00000000e0000000)
  object space 48640K, 68% used [0x00000000a0000000,0x00000000a2098158,0x00000000a2f80000)
 Metaspace       used 57335K, capacity 58920K, committed 59096K, reserved 1099776K
  class space    used 7808K, capacity 8183K, committed 8192K, reserved 1048576K
Event: 23.043 GC heap after
Heap after GC invocations=20 (full 3):
 PSYoungGen      total 126976K, used 0K [0x00000000e0000000, 0x00000000e9e80000, 0x0000000100000000)
  eden space 113152K, 0% used [0x00000000e0000000,0x00000000e0000000,0x00000000e6e80000)
  from space 13824K, 0% used [0x00000000e6e80000,0x00000000e6e80000,0x00000000e7c00000)
  to   space 13312K, 0% used [0x00000000e9180000,0x00000000e9180000,0x00000000e9e80000)
 ParOldGen       total 81408K, used 31094K [0x00000000a0000000, 0x00000000a4f80000, 0x00000000e0000000)
  object space 81408K, 38% used [0x00000000a0000000,0x00000000a1e5dab0,0x00000000a4f80000)
 Metaspace       used 57335K, capacity 58920K, committed 59096K, reserved 1099776K
  class space    used 7808K, capacity 8183K, committed 8192K, reserved 1048576K
}
Event: 31.159 GC heap before
{Heap before GC invocations=21 (full 3):
 PSYoungGen      total 126976K, used 113152K [0x00000000e0000000, 0x00000000e9e80000, 0x0000000100000000)
  eden space 113152K, 100% used [0x00000000e0000000,0x00000000e6e80000,0x00000000e6e80000)
  from space 13824K, 0% used [0x00000000e6e80000,0x00000000e6e80000,0x00000000e7c00000)
  to   space 13312K, 0% used [0x00000000e9180000,0x00000000e9180000,0x00000000e9e80000)
 ParOldGen       total 81408K, used 31094K [0x00000000a0000000, 0x00000000a4f80000, 0x00000000e0000000)
  object space 81408K, 38% used [0x00000000a0000000,0x00000000a1e5dab0,0x00000000a4f80000)
 Metaspace       used 60639K, capacity 62424K, committed 62680K, reserved 1103872K
  class space    used 8204K, capacity 8611K, committed 8704K, reserved 1048576K
Event: 31.191 GC heap after
Heap after GC invocations=21 (full 3):
 PSYoungGen      total 139776K, used 13294K [0x00000000e0000000, 0x00000000e9e80000, 0x0000000100000000)
  eden space 126464K, 0% used [0x00000000e0000000,0x00000000e0000000,0x00000000e7b80000)
  from space 13312K, 99% used [0x00000000e9180000,0x00000000e9e7bb00,0x00000000e9e80000)
  to   space 15360K, 0% used [0x00000000e8080000,0x00000000e8080000,0x00000000e8f80000)
 ParOldGen       total 81408K, used 31381K [0x00000000a0000000, 0x00000000a4f80000, 0x00000000e0000000)
  object space 81408K, 38% used [0x00000000a0000000,0x00000000a1ea5528,0x00000000a4f80000)
 Metaspace       used 60639K, capacity 62424K, committed 62680K, reserved 1103872K
  class space    used 8204K, capacity 8611K, committed 8704K, reserved 1048576K
}
Event: 61.745 GC heap before
{Heap before GC invocations=22 (full 3):
 PSYoungGen      total 139776K, used 139758K [0x00000000e0000000, 0x00000000e9e80000, 0x0000000100000000)
  eden space 126464K, 100% used [0x00000000e0000000,0x00000000e7b80000,0x00000000e7b80000)
  from space 13312K, 99% used [0x00000000e9180000,0x00000000e9e7bb00,0x00000000e9e80000)
  to   space 15360K, 0% used [0x00000000e8080000,0x00000000e8080000,0x00000000e8f80000)
 ParOldGen       total 81408K, used 31381K [0x00000000a0000000, 0x00000000a4f80000, 0x00000000e0000000)
  object space 81408K, 38% used [0x00000000a0000000,0x00000000a1ea5528,0x00000000a4f80000)
 Metaspace       used 62571K, capacity 64480K, committed 64728K, reserved 1105920K
  class space    used 8389K, capacity 8837K, committed 8960K, reserved 1048576K
Event: 61.778 GC heap after
Heap after GC invocations=22 (full 3):
 PSYoungGen      total 146944K, used 4380K [0x00000000e0000000, 0x00000000ea480000, 0x0000000100000000)
  eden space 131584K, 0% used [0x00000000e0000000,0x00000000e0000000,0x00000000e8080000)
  from space 15360K, 28% used [0x00000000e8080000,0x00000000e84c71e0,0x00000000e8f80000)
  to   space 14848K, 0% used [0x00000000e9600000,0x00000000e9600000,0x00000000ea480000)
 ParOldGen       total 81408K, used 35081K [0x00000000a0000000, 0x00000000a4f80000, 0x00000000e0000000)
  object space 81408K, 43% used [0x00000000a0000000,0x00000000a2242518,0x00000000a4f80000)
 Metaspace       used 62571K, capacity 64480K, committed 64728K, reserved 1105920K
  class space    used 8389K, capacity 8837K, committed 8960K, reserved 1048576K
}
Event: 67.339 GC heap before
{Heap before GC invocations=23 (full 3):
 PSYoungGen      total 146944K, used 135964K [0x00000000e0000000, 0x00000000ea480000, 0x0000000100000000)
  eden space 131584K, 100% used [0x00000000e0000000,0x00000000e8080000,0x00000000e8080000)
  from space 15360K, 28% used [0x00000000e8080000,0x00000000e84c71e0,0x00000000e8f80000)
  to   space 14848K, 0% used [0x00000000e9600000,0x00000000e9600000,0x00000000ea480000)
 ParOldGen       total 81408K, used 35081K [0x00000000a0000000, 0x00000000a4f80000, 0x00000000e0000000)
  object space 81408K, 43% used [0x00000000a0000000,0x00000000a2242518,0x00000000a4f80000)
 Metaspace       used 64522K, capacity 66570K, committed 66776K, reserved 1107968K
  class space    used 8647K, capacity 9146K, committed 9216K, reserved 1048576K
Event: 67.396 GC heap after
Heap after GC invocations=23 (full 3):
 PSYoungGen      total 151552K, used 13844K [0x00000000e0000000, 0x00000000ead80000, 0x0000000100000000)
  eden space 136704K, 0% used [0x00000000e0000000,0x00000000e0000000,0x00000000e8580000)
  from space 14848K, 93% used [0x00000000e9600000,0x00000000ea385058,0x00000000ea480000)
  to   space 16896K, 0% used [0x00000000e8580000,0x00000000e8580000,0x00000000e9600000)
 ParOldGen       total 81408K, used 35089K [0x00000000a0000000, 0x00000000a4f80000, 0x00000000e0000000)
  object space 81408K, 43% used [0x00000000a0000000,0x00000000a2244518,0x00000000a4f80000)
 Metaspace       used 64522K, capacity 66570K, committed 66776K, reserved 1107968K
  class space    used 8647K, capacity 9146K, committed 9216K, reserved 1048576K
}
Event: 70.814 GC heap before
{Heap before GC invocations=24 (full 3):
 PSYoungGen      total 151552K, used 150548K [0x00000000e0000000, 0x00000000ead80000, 0x0000000100000000)
  eden space 136704K, 100% used [0x00000000e0000000,0x00000000e8580000,0x00000000e8580000)
  from space 14848K, 93% used [0x00000000e9600000,0x00000000ea385058,0x00000000ea480000)
  to   space 16896K, 0% used [0x00000000e8580000,0x00000000e8580000,0x00000000e9600000)
 ParOldGen       total 81408K, used 35089K [0x00000000a0000000, 0x00000000a4f80000, 0x00000000e0000000)
  object space 81408K, 43% used [0x00000000a0000000,0x00000000a2244518,0x00000000a4f80000)
 Metaspace       used 65977K, capacity 68122K, committed 68312K, reserved 1107968K
  class space    used 8930K, capacity 9432K, committed 9472K, reserved 1048576K
Event: 70.921 GC heap after
Heap after GC invocations=24 (full 3):
 PSYoungGen      total 153600K, used 16873K [0x00000000e0000000, 0x00000000ebf80000, 0x0000000100000000)
  eden space 136704K, 0% used [0x00000000e0000000,0x00000000e0000000,0x00000000e8580000)
  from space 16896K, 99% used [0x00000000e8580000,0x00000000e95fa6d8,0x00000000e9600000)
  to   space 20992K, 0% used [0x00000000eab00000,0x00000000eab00000,0x00000000ebf80000)
 ParOldGen       total 81408K, used 39113K [0x00000000a0000000, 0x00000000a4f80000, 0x00000000e0000000)
  object space 81408K, 48% used [0x00000000a0000000,0x00000000a26326e8,0x00000000a4f80000)
 Metaspace       used 65977K, capacity 68122K, committed 68312K, reserved 1107968K
  class space    used 8930K, capacity 9432K, committed 9472K, reserved 1048576K
}

Deoptimization events (10 events):
Event: 75.652 Thread 0x000000001e719800 Uncommon trap: reason=class_check action=maybe_recompile pc=0x000000000429a178 method=java.util.TimSort.mergeLo(IIII)V @ 189
Event: 75.652 Thread 0x000000001e719800 Uncommon trap: reason=class_check action=maybe_recompile pc=0x000000000429a178 method=java.util.TimSort.mergeLo(IIII)V @ 189
Event: 75.653 Thread 0x000000001e719800 Uncommon trap: reason=class_check action=maybe_recompile pc=0x000000000401b778 method=java.util.TimSort.mergeHi(IIII)V @ 227
Event: 75.653 Thread 0x000000001e719800 Uncommon trap: reason=class_check action=maybe_recompile pc=0x000000000401b778 method=java.util.TimSort.mergeHi(IIII)V @ 227
Event: 75.655 Thread 0x000000001e719800 Uncommon trap: reason=class_check action=maybe_recompile pc=0x000000000401b778 method=java.util.TimSort.mergeHi(IIII)V @ 227
Event: 75.656 Thread 0x000000001e719800 Uncommon trap: reason=class_check action=maybe_recompile pc=0x000000000401b778 method=java.util.TimSort.mergeHi(IIII)V @ 227
Event: 75.690 Thread 0x000000001e719800 Uncommon trap: reason=unstable_if action=reinterpret pc=0x0000000004a21634 method=java.util.TimSort.countRunAndMakeAscending([Ljava/lang/Object;IILjava/util/Comparator;)I @ 27
Event: 76.751 Thread 0x000000001e719800 Uncommon trap: reason=unstable_if action=reinterpret pc=0x0000000004a5865c method=com.android.tools.r8.n.a.a.a.h.H0.a(Ljava/lang/Object;I)I @ 224
Event: 76.828 Thread 0x000000001e719800 Uncommon trap: reason=unstable_if action=reinterpret pc=0x0000000004a58028 method=java.util.Arrays.equals([Ljava/lang/Object;[Ljava/lang/Object;)Z @ 47
Event: 76.828 Thread 0x000000001e719800 Uncommon trap: reason=null_check action=make_not_entrant pc=0x0000000004016e04 method=com.android.tools.r8.graph.DexString.b(Ljava/lang/Object;)Z @ 1

Classes redefined (0 events):
No events

Internal exceptions (10 events):
Event: 55.036 Thread 0x00000000183fb800 Exception <a 'java/lang/NoSuchMethodError': <clinit>> (0x00000000e6824248) thrown at [D:\src\AOSP-openjdk-cygwin\jdk8u\hotspot\src\share\vm\prims\jni.cpp, line 1614]
Event: 55.039 Thread 0x00000000183fb800 Exception <a 'java/lang/NoSuchMethodError': <clinit>> (0x00000000e6840968) thrown at [D:\src\AOSP-openjdk-cygwin\jdk8u\hotspot\src\share\vm\prims\jni.cpp, line 1614]
Event: 55.069 Thread 0x00000000183fb800 Exception <a 'java/lang/NoSuchMethodError': <clinit>> (0x00000000e6878d40) thrown at [D:\src\AOSP-openjdk-cygwin\jdk8u\hotspot\src\share\vm\prims\jni.cpp, line 1614]
Event: 55.354 Thread 0x000000001e715000 Exception <a 'java/lang/NoSuchMethodError': java.lang.Object.lambda$negate$1(Ljava/lang/Object;)Z> (0x00000000e6bfe180) thrown at [D:\src\AOSP-openjdk-cygwin\jdk8u\hotspot\src\share\vm\interpreter\linkResolver.cpp, line 620]
Event: 62.013 Thread 0x00000000183fb800 Exception <a 'java/lang/NoSuchMethodError': <clinit>> (0x00000000e0162d40) thrown at [D:\src\AOSP-openjdk-cygwin\jdk8u\hotspot\src\share\vm\prims\jni.cpp, line 1614]
Event: 64.644 Thread 0x000000001c6b4800 Exception <a 'sun/nio/fs/WindowsException'> (0x00000000e30d7810) thrown at [D:\src\AOSP-openjdk-cygwin\jdk8u\hotspot\src\share\vm\prims\jni.cpp, line 710]
Event: 65.742 Thread 0x000000001c6b4800 Exception <a 'java/lang/NoSuchMethodError': java.lang.Object.lambda$identity$2(Ljava/lang/Object;)Ljava/lang/Object;> (0x00000000e3d488d8) thrown at [D:\src\AOSP-openjdk-cygwin\jdk8u\hotspot\src\share\vm\interpreter\linkResolver.cpp, line 620]
Event: 69.107 Thread 0x000000001e718800 Implicit null exception at 0x00000000042bdcef to 0x00000000042bdde9
Event: 69.107 Thread 0x000000001e719800 Implicit null exception at 0x00000000042bdcef to 0x00000000042bdde9
Event: 76.828 Thread 0x000000001e719800 Implicit null exception at 0x0000000004016c8f to 0x0000000004016df9

Events (10 events):
Event: 77.528 loading class com/sun/tools/javac/comp/Infer$IncorporationStep$11
Event: 77.528 loading class com/sun/tools/javac/comp/Infer$IncorporationStep$11 done
Event: 77.530 loading class com/sun/tools/javac/comp/Infer$InferenceContext
Event: 77.530 loading class com/sun/tools/javac/comp/Infer$InferenceContext done
Event: 77.531 loading class com/sun/tools/javac/comp/Infer$InferenceContext$1
Event: 77.531 loading class com/sun/tools/javac/comp/Infer$InferenceContext$1 done
Event: 77.532 loading class com/sun/tools/javac/comp/Infer$GraphStrategy
Event: 77.532 loading class com/sun/tools/javac/comp/Infer$GraphStrategy done
Event: 77.533 loading class com/sun/tools/javac/code/Type$CapturedUndetVar
Event: 77.533 loading class com/sun/tools/javac/code/Type$CapturedUndetVar done


Dynamic libraries:
0x00007ff77cb40000 - 0x00007ff77cb71000 	C:\Program Files\Android\Android Studio\jre\bin\java.exe
0x00007fff4b540000 - 0x00007fff4b72d000 	C:\WINDOWS\SYSTEM32\ntdll.dll
0x00007fff4b250000 - 0x00007fff4b303000 	C:\WINDOWS\System32\KERNEL32.DLL
0x00007fff475d0000 - 0x00007fff47863000 	C:\WINDOWS\System32\KERNELBASE.dll
0x00007fff48730000 - 0x00007fff487d3000 	C:\WINDOWS\System32\ADVAPI32.dll
0x00007fff4ad70000 - 0x00007fff4ae0e000 	C:\WINDOWS\System32\msvcrt.dll
0x00007fff4a320000 - 0x00007fff4a3be000 	C:\WINDOWS\System32\sechost.dll
0x00007fff4a3c0000 - 0x00007fff4a4e2000 	C:\WINDOWS\System32\RPCRT4.dll
0x00007fff4a630000 - 0x00007fff4a7c7000 	C:\WINDOWS\System32\USER32.dll
0x00007fff47a30000 - 0x00007fff47a50000 	C:\WINDOWS\System32\win32u.dll
0x00007fff49e70000 - 0x00007fff49e99000 	C:\WINDOWS\System32\GDI32.dll
0x00007fff48590000 - 0x00007fff48729000 	C:\WINDOWS\System32\gdi32full.dll
0x00007fff47990000 - 0x00007fff47a30000 	C:\WINDOWS\System32\msvcp_win.dll
0x00007fff47870000 - 0x00007fff4796a000 	C:\WINDOWS\System32\ucrtbase.dll
0x00007fff36e60000 - 0x00007fff370d9000 	C:\WINDOWS\WinSxS\amd64_microsoft.windows.common-controls_6595b64144ccf1df_6.0.17763.973_none_05b245900721eb81\COMCTL32.dll
0x00007fff4ae70000 - 0x00007fff4b19c000 	C:\WINDOWS\System32\combase.dll
0x00007fff48430000 - 0x00007fff484ae000 	C:\WINDOWS\System32\bcryptPrimitives.dll
0x00007fff4b220000 - 0x00007fff4b24e000 	C:\WINDOWS\System32\IMM32.DLL
0x0000000054bd0000 - 0x0000000054ca2000 	C:\Program Files\Android\Android Studio\jre\jre\bin\msvcr100.dll
0x0000000052b10000 - 0x0000000053356000 	C:\Program Files\Android\Android Studio\jre\jre\bin\server\jvm.dll
0x00007fff4aab0000 - 0x00007fff4aab8000 	C:\WINDOWS\System32\PSAPI.DLL
0x00007fff3c370000 - 0x00007fff3c37a000 	C:\WINDOWS\SYSTEM32\VERSION.dll
0x00007fff3e660000 - 0x00007fff3e684000 	C:\WINDOWS\SYSTEM32\WINMM.dll
0x00007fff3c500000 - 0x00007fff3c509000 	C:\WINDOWS\SYSTEM32\WSOCK32.dll
0x00007fff4a5c0000 - 0x00007fff4a62d000 	C:\WINDOWS\System32\WS2_32.dll
0x00007fff3e630000 - 0x00007fff3e65d000 	C:\WINDOWS\SYSTEM32\winmmbase.dll
0x00007fff47a50000 - 0x00007fff47a9a000 	C:\WINDOWS\System32\cfgmgr32.dll
0x00007fff433b0000 - 0x00007fff433bf000 	C:\Program Files\Android\Android Studio\jre\jre\bin\verify.dll
0x00007fff40460000 - 0x00007fff40489000 	C:\Program Files\Android\Android Studio\jre\jre\bin\java.dll
0x00007fff42e30000 - 0x00007fff42e46000 	C:\Program Files\Android\Android Studio\jre\jre\bin\zip.dll
0x00007fff48970000 - 0x00007fff49e64000 	C:\WINDOWS\System32\SHELL32.dll
0x00007fff4acb0000 - 0x00007fff4ad58000 	C:\WINDOWS\System32\shcore.dll
0x00007fff47aa0000 - 0x00007fff481ed000 	C:\WINDOWS\System32\windows.storage.dll
0x00007fff47580000 - 0x00007fff475a4000 	C:\WINDOWS\System32\profapi.dll
0x00007fff47500000 - 0x00007fff4755d000 	C:\WINDOWS\System32\powrprof.dll
0x00007fff4ae10000 - 0x00007fff4ae62000 	C:\WINDOWS\System32\shlwapi.dll
0x00007fff47560000 - 0x00007fff47571000 	C:\WINDOWS\System32\kernel.appcore.dll
0x00007fff47970000 - 0x00007fff47987000 	C:\WINDOWS\System32\cryptsp.dll
0x00007fff3fcf0000 - 0x00007fff3fd0a000 	C:\Program Files\Android\Android Studio\jre\jre\bin\net.dll
0x00007fff46d10000 - 0x00007fff46d77000 	C:\WINDOWS\system32\mswsock.dll
0x00007fff3f970000 - 0x00007fff3f981000 	C:\Program Files\Android\Android Studio\jre\jre\bin\nio.dll
0x00007fff404a0000 - 0x00007fff404c6000 	C:\Users\ruman\.gradle\native\29\windows-amd64\native-platform.dll
0x00007fff42ed0000 - 0x00007fff42edd000 	C:\Program Files\Android\Android Studio\jre\jre\bin\management.dll
0x00007fff46890000 - 0x00007fff468c3000 	C:\WINDOWS\system32\rsaenh.dll
0x00007fff484b0000 - 0x00007fff484d6000 	C:\WINDOWS\System32\bcrypt.dll
0x00007fff47400000 - 0x00007fff47428000 	C:\WINDOWS\SYSTEM32\USERENV.dll
0x00007fff46ee0000 - 0x00007fff46eec000 	C:\WINDOWS\SYSTEM32\CRYPTBASE.dll
0x00007fff46a30000 - 0x00007fff46a6d000 	C:\WINDOWS\SYSTEM32\IPHLPAPI.DLL
0x00007fff4aae0000 - 0x00007fff4aae8000 	C:\WINDOWS\System32\NSI.dll
0x00007fff41630000 - 0x00007fff41646000 	C:\WINDOWS\SYSTEM32\dhcpcsvc6.DLL
0x00007fff41740000 - 0x00007fff4175c000 	C:\WINDOWS\SYSTEM32\dhcpcsvc.DLL
0x00007fff46a70000 - 0x00007fff46b36000 	C:\WINDOWS\SYSTEM32\DNSAPI.dll

VM Arguments:
jvm_args: -Xmx1536m -Dfile.encoding=windows-1252 -Duser.country=IN -Duser.language=en -Duser.variant 
java_command: org.gradle.launcher.daemon.bootstrap.GradleDaemon 5.4.1
java_class_path (initial): C:\Users\ruman\.gradle\wrapper\dists\gradle-5.4.1-all\3221gyojl5jsh0helicew7rwx\gradle-5.4.1\lib\gradle-launcher-5.4.1.jar
Launcher Type: SUN_STANDARD

Environment Variables:
PATH=C:\ProgramData\Oracle\Java\javapath;C:\WINDOWS\system32;C:\WINDOWS;C:\WINDOWS\System32\Wbem;C:\WINDOWS\System32\WindowsPowerShell\v1.0\;C:\Program Files (x86)\ATI Technologies\ATI.ACE\Core-Static;C:\Program Files\Microsoft SQL Server\130\Tools\Binn\;C:\Users\ruman\.dnx\bin;C:\Program Files\Microsoft DNX\Dnvm\;C:\Users\ruman\AppData\Local\Microsoft\WindowsApps;C:\adb;C:\WINDOWS\system32;C:\WINDOWS;C:\WINDOWS\System32\Wbem;C:\WINDOWS\System32\WindowsPowerShell\v1.0\;"C:\Program Files\Java\jdk1.8.0_144\bin;";C:\Program Files\Microsoft SQL Server\Client SDK\ODBC\130\Tools\Binn\;C:\Program Files (x86)\Microsoft SQL Server\140\Tools\Binn\;C:\Program Files\Microsoft SQL Server\140\Tools\Binn\;C:\Program Files\Microsoft SQL Server\140\DTS\Binn\;C:\Program Files\nvm;C:\Program Files\nodejs;C:\Program Files\Git\cmd;C:\WINDOWS\System32\OpenSSH\;C:\Users\ruman\AppData\Local\Microsoft\WindowsApps;C:\Users\ruman\AppData\Roaming\npm;C:\Program Files\Java\jdk1.8.0_144\bin;C:\Program Files\nvm;C:\Program Files\nodejs;C:\Program Files (x86)\Atmel\Flip 3.4.7\bin;
USERNAME=ruman
OS=Windows_NT
PROCESSOR_IDENTIFIER=AMD64 Family 22 Model 48 Stepping 1, AuthenticAMD



---------------  S Y S T E M  ---------------

OS: Windows 10.0 , 64 bit Build 17763 (10.0.17763.475)

CPU:total 4 (initial active 4) (4 cores per cpu, 1 threads per core) family 22 model 48 stepping 1, cmov, cx8, fxsr, mmx, sse, sse2, sse3, ssse3, sse4.1, sse4.2, popcnt, avx, aes, clmul, mmxext, 3dnowpref, lzcnt, sse4a, tsc, tscinvbit, tscinv, bmi1

Memory: 4k page, physical 3627192k(333044k free), swap 6903988k(5124k free)

vm_info: OpenJDK 64-Bit Server VM (25.202-b03) for windows-amd64 JRE (1.8.0_202-release-1483-b03), built by "builder" with MS VC++ 10.0 (VS2010)

time: Sun Jan 26 00:31:39 2020
timezone: Malay Peninsula Standard Time
elapsed time: 77 seconds (0d 0h 1m 17s)

