#
# There is insufficient memory for the Java Runtime Environment to continue.
# Native memory allocation (malloc) failed to allocate 65552 bytes for Chunk::new
# Possible reasons:
#   The system is out of physical RAM or swap space
#   The process is running with CompressedOops enabled, and the Java Heap may be blocking the growth of the native heap
# Possible solutions:
#   Reduce memory load on the system
#   Increase physical memory or swap space
#   Check if swap backing store is full
#   Decrease Java heap size (-Xmx/-Xms)
#   Decrease number of Java threads
#   Decrease Java thread stack sizes (-Xss)
#   Set larger code cache with -XX:ReservedCodeCacheSize=
#   JVM is running with Unscaled Compressed Oops mode in which the Java heap is
#     placed in the first 4GB address space. The Java Heap base address is the
#     maximum limit for the native heap growth. Please use -XX:HeapBaseMinAddress
#     to set the Java Heap base and to place the Java Heap above 4GB virtual address.
# This output file may be truncated or incomplete.
#
#  Out of Memory Error (allocation.cpp:389), pid=10868, tid=0x0000000000000668
#
# JRE version: OpenJDK Runtime Environment (8.0_202-b03) (build 1.8.0_202-release-1483-b03)
# Java VM: OpenJDK 64-Bit Server VM (25.202-b03 mixed mode windows-amd64 compressed oops)
# Failed to write core dump. Minidumps are not enabled by default on client versions of Windows
#

---------------  T H R E A D  ---------------

Current thread (0x00000000163fb000):  JavaThread "C2 CompilerThread0" daemon [_thread_in_native, id=1640, stack(0x0000000017a70000,0x0000000017b70000)]

Stack: [0x0000000017a70000,0x0000000017b70000]
[error occurred during error reporting (printing stack bounds), id 0xc0000005]

Native frames: (J=compiled Java code, j=interpreted, Vv=VM code, C=native code)


Current CompileTask:
C2:  19550 4503  s    4       sun.misc.URLClassPath::getNextLoader (88 bytes)


---------------  P R O C E S S  ---------------

Java Threads: ( => current thread )
  0x0000000018567800 JavaThread "Cache worker for Build Output Cleanup Cache (C:\Users\ruman\Desktop\apks\HAR-Android-App1\.gradle\buildOutputCleanup)" [_thread_blocked, id=9748, stack(0x0000000021270000,0x0000000021370000)]
  0x0000000018566000 JavaThread "Build operations Thread 4" [_thread_blocked, id=1320, stack(0x0000000020b70000,0x0000000020c70000)]
  0x0000000018567000 JavaThread "Build operations Thread 3" [_thread_blocked, id=6052, stack(0x0000000020a70000,0x0000000020b70000)]
  0x0000000018564800 JavaThread "Build operations Thread 2" [_thread_blocked, id=7972, stack(0x0000000020970000,0x0000000020a70000)]
  0x0000000018563800 JavaThread "Build operations" [_thread_blocked, id=10308, stack(0x0000000020870000,0x0000000020970000)]
  0x0000000018563000 JavaThread "Cache worker for execution history cache (C:\Users\ruman\.gradle\caches\5.4.1\executionHistory)" [_thread_blocked, id=1752, stack(0x000000001f1a0000,0x000000001f2a0000)]
  0x00000000197b3800 JavaThread "Cache worker for cache directory md-rule (C:\Users\ruman\.gradle\caches\5.4.1\md-rule)" [_thread_blocked, id=7592, stack(0x000000001f0a0000,0x000000001f1a0000)]
  0x00000000197b3000 JavaThread "Cache worker for cache directory md-supplier (C:\Users\ruman\.gradle\caches\5.4.1\md-supplier)" [_thread_blocked, id=1932, stack(0x000000001efa0000,0x000000001f0a0000)]
  0x00000000197b1800 JavaThread "Cache worker for file hash cache (C:\Users\ruman\Desktop\apks\HAR-Android-App1\.gradle\5.4.1\fileHashes)" [_thread_blocked, id=4080, stack(0x000000001e6a0000,0x000000001e7a0000)]
  0x00000000197b0000 JavaThread "Cache worker for journal cache (C:\Users\ruman\.gradle\caches\journal-1)" [_thread_blocked, id=4468, stack(0x000000001afc0000,0x000000001b0c0000)]
  0x00000000197af000 JavaThread "File lock request listener" [_thread_in_native, id=11140, stack(0x000000001aec0000,0x000000001afc0000)]
  0x000000001952e000 JavaThread "Cache worker for file hash cache (C:\Users\ruman\.gradle\caches\5.4.1\fileHashes)" [_thread_blocked, id=5892, stack(0x000000001adc0000,0x000000001aec0000)]
  0x0000000018057800 JavaThread "Thread-9" [_thread_blocked, id=7104, stack(0x000000001acc0000,0x000000001adc0000)]
  0x0000000018056800 JavaThread "Stdin handler" [_thread_blocked, id=3204, stack(0x000000001abc0000,0x000000001acc0000)]
  0x0000000018056000 JavaThread "Asynchronous log dispatcher for DefaultDaemonConnection: socket connection from /127.0.0.1:56510 to /127.0.0.1:56511" [_thread_blocked, id=8448, stack(0x000000001aac0000,0x000000001abc0000)]
  0x0000000018ca1000 JavaThread "Daemon worker" [_thread_in_vm, id=4256, stack(0x000000001a9c0000,0x000000001aac0000)]
  0x000000001888a800 JavaThread "Cancel handler" [_thread_blocked, id=2196, stack(0x000000001a8c0000,0x000000001a9c0000)]
  0x00000000180b1800 JavaThread "Handler for socket connection from /127.0.0.1:56510 to /127.0.0.1:56511" [_thread_in_native, id=9240, stack(0x000000001a5c0000,0x000000001a6c0000)]
  0x00000000180b1000 JavaThread "Daemon" [_thread_blocked, id=2848, stack(0x000000001a4c0000,0x000000001a5c0000)]
  0x0000000019277800 JavaThread "Daemon periodic checks" [_thread_blocked, id=8004, stack(0x000000001a3c0000,0x000000001a4c0000)]
  0x0000000018789000 JavaThread "Incoming local TCP Connector on port 56510" [_thread_in_native, id=4976, stack(0x000000001a180000,0x000000001a280000)]
  0x0000000019721000 JavaThread "Daemon health stats" [_thread_blocked, id=1008, stack(0x0000000019b40000,0x0000000019c40000)]
  0x0000000017d98800 JavaThread "Service Thread" daemon [_thread_blocked, id=1688, stack(0x0000000018170000,0x0000000018270000)]
  0x000000001640a800 JavaThread "C1 CompilerThread2" daemon [_thread_blocked, id=9116, stack(0x0000000017c70000,0x0000000017d70000)]
  0x00000000163fe800 JavaThread "C2 CompilerThread1" daemon [_thread_in_native, id=6524, stack(0x0000000017b70000,0x0000000017c70000)]
=>0x00000000163fb000 JavaThread "C2 CompilerThread0" daemon [_thread_in_native, id=1640, stack(0x0000000017a70000,0x0000000017b70000)]
  0x0000000016409000 JavaThread "Attach Listener" daemon [_thread_blocked, id=10860, stack(0x0000000017970000,0x0000000017a70000)]
  0x0000000016407800 JavaThread "Signal Dispatcher" daemon [_thread_blocked, id=9664, stack(0x0000000017870000,0x0000000017970000)]
  0x0000000002a8d000 JavaThread "Finalizer" daemon [_thread_blocked, id=6028, stack(0x0000000017670000,0x0000000017770000)]
  0x00000000163e9000 JavaThread "Reference Handler" daemon [_thread_blocked, id=796, stack(0x0000000017570000,0x0000000017670000)]
  0x000000000100e800 JavaThread "main" [_thread_blocked, id=8420, stack(0x0000000002890000,0x0000000002990000)]

Other Threads:
  0x00000000163c6800 VMThread [stack: 0x0000000017470000,0x0000000017570000] [id=2384]
  0x000000001645e800 WatcherThread [stack: 0x0000000018270000,0x0000000018370000] [id=8080]

VM state:not at safepoint (normal execution)

VM Mutex/Monitor currently owned by a thread: None

heap address: 0x00000000a0000000, size: 1536 MB, Compressed Oops mode: 32-bit
Narrow klass base: 0x0000000000000000, Narrow klass shift: 3
Compressed class space size: 1073741824 Address: 0x0000000100000000

Heap:
 PSYoungGen      total 142848K, used 2564K [0x00000000e0000000, 0x00000000eba80000, 0x0000000100000000)
  eden space 127488K, 2% used [0x00000000e0000000,0x00000000e02812c8,0x00000000e7c80000)
  from space 15360K, 0% used [0x00000000eab80000,0x00000000eab80000,0x00000000eba80000)
  to   space 11776K, 0% used [0x00000000e7c80000,0x00000000e7c80000,0x00000000e8800000)
 ParOldGen       total 53760K, used 29210K [0x00000000a0000000, 0x00000000a3480000, 0x00000000e0000000)
  object space 53760K, 54% used [0x00000000a0000000,0x00000000a1c86848,0x00000000a3480000)
 Metaspace       used 51050K, capacity 52572K, committed 52864K, reserved 1097728K
  class space    used 6914K, capacity 7282K, committed 7296K, reserved 1048576K

Card table byte_map: [0x0000000011e50000,0x0000000012160000] byte_map_base: 0x0000000011950000

Marking Bits: (ParMarkBitMap*) 0x00000000532d9f30
 Begin Bits: [0x0000000012760000, 0x0000000013f60000)
 End Bits:   [0x0000000013f60000, 0x0000000015760000)

Polling page: 0x0000000000f80000

CodeCache: size=245760Kb used=14082Kb max_used=14136Kb free=231677Kb
 bounds [0x0000000002a90000, 0x0000000003870000, 0x0000000011a90000]
 total_blobs=4899 nmethods=4130 adapters=682
 compilation: enabled

Compilation events (10 events):
Event: 19.039 Thread 0x000000001640a800 4506       3       org.gradle.api.internal.DefaultMutationGuard::newActionWithMutation (11 bytes)
Event: 19.039 Thread 0x000000001640a800 nmethod 4506 0x0000000002ba5f90 code [0x0000000002ba6100, 0x0000000002ba6390]
Event: 19.040 Thread 0x000000001640a800 4507       3       org.gradle.api.internal.DefaultMutationGuard$2::<init> (20 bytes)
Event: 19.040 Thread 0x000000001640a800 nmethod 4507 0x0000000002c01210 code [0x0000000002c01360, 0x0000000002c01550]
Event: 19.048 Thread 0x000000001640a800 4508       3       org.gradle.api.internal.AbstractMutationGuard::withMutationDisabled (7 bytes)
Event: 19.048 Thread 0x000000001640a800 nmethod 4508 0x0000000002c65590 code [0x0000000002c65700, 0x0000000002c65928]
Event: 19.049 Thread 0x000000001640a800 4509       3       com.google.common.collect.ImmutableSet$Builder::<init> (6 bytes)
Event: 19.050 Thread 0x000000001640a800 nmethod 4509 0x0000000002ca00d0 code [0x0000000002ca0260, 0x0000000002ca05c8]
Event: 19.493 Thread 0x000000001640a800 4510   !   3       java.io.FileInputStream::close (62 bytes)
Event: 19.495 Thread 0x000000001640a800 nmethod 4510 0x0000000002cf7d90 code [0x0000000002cf7f20, 0x0000000002cf8598]

GC Heap History (10 events):
Event: 13.853 GC heap before
{Heap before GC invocations=11 (full 1):
 PSYoungGen      total 124416K, used 34286K [0x00000000e0000000, 0x00000000e9380000, 0x0000000100000000)
  eden space 114688K, 21% used [0x00000000e0000000,0x00000000e1803730,0x00000000e7000000)
  from space 9728K, 99% used [0x00000000e7000000,0x00000000e79783d0,0x00000000e7980000)
  to   space 11776K, 0% used [0x00000000e8800000,0x00000000e8800000,0x00000000e9380000)
 ParOldGen       total 37376K, used 13932K [0x00000000a0000000, 0x00000000a2480000, 0x00000000e0000000)
  object space 37376K, 37% used [0x00000000a0000000,0x00000000a0d9b338,0x00000000a2480000)
 Metaspace       used 34544K, capacity 35396K, committed 35456K, reserved 1079296K
  class space    used 4767K, capacity 4956K, committed 4992K, reserved 1048576K
Event: 13.876 GC heap after
Heap after GC invocations=11 (full 1):
 PSYoungGen      total 139264K, used 6757K [0x00000000e0000000, 0x00000000eb300000, 0x0000000100000000)
  eden space 127488K, 0% used [0x00000000e0000000,0x00000000e0000000,0x00000000e7c80000)
  from space 11776K, 57% used [0x00000000e8800000,0x00000000e8e99440,0x00000000e9380000)
  to   space 11776K, 0% used [0x00000000e7c80000,0x00000000e7c80000,0x00000000e8800000)
 ParOldGen       total 37376K, used 16702K [0x00000000a0000000, 0x00000000a2480000, 0x00000000e0000000)
  object space 37376K, 44% used [0x00000000a0000000,0x00000000a104fa78,0x00000000a2480000)
 Metaspace       used 34544K, capacity 35396K, committed 35456K, reserved 1079296K
  class space    used 4767K, capacity 4956K, committed 4992K, reserved 1048576K
}
Event: 13.876 GC heap before
{Heap before GC invocations=12 (full 2):
 PSYoungGen      total 139264K, used 6757K [0x00000000e0000000, 0x00000000eb300000, 0x0000000100000000)
  eden space 127488K, 0% used [0x00000000e0000000,0x00000000e0000000,0x00000000e7c80000)
  from space 11776K, 57% used [0x00000000e8800000,0x00000000e8e99440,0x00000000e9380000)
  to   space 11776K, 0% used [0x00000000e7c80000,0x00000000e7c80000,0x00000000e8800000)
 ParOldGen       total 37376K, used 16702K [0x00000000a0000000, 0x00000000a2480000, 0x00000000e0000000)
  object space 37376K, 44% used [0x00000000a0000000,0x00000000a104fa78,0x00000000a2480000)
 Metaspace       used 34544K, capacity 35396K, committed 35456K, reserved 1079296K
  class space    used 4767K, capacity 4956K, committed 4992K, reserved 1048576K
Event: 14.022 GC heap after
Heap after GC invocations=12 (full 2):
 PSYoungGen      total 139264K, used 0K [0x00000000e0000000, 0x00000000eb300000, 0x0000000100000000)
  eden space 127488K, 0% used [0x00000000e0000000,0x00000000e0000000,0x00000000e7c80000)
  from space 11776K, 0% used [0x00000000e8800000,0x00000000e8800000,0x00000000e9380000)
  to   space 11776K, 0% used [0x00000000e7c80000,0x00000000e7c80000,0x00000000e8800000)
 ParOldGen       total 53760K, used 16378K [0x00000000a0000000, 0x00000000a3480000, 0x00000000e0000000)
  object space 53760K, 30% used [0x00000000a0000000,0x00000000a0ffe9e0,0x00000000a3480000)
 Metaspace       used 34544K, capacity 35396K, committed 35456K, reserved 1079296K
  class space    used 4767K, capacity 4956K, committed 4992K, reserved 1048576K
}
Event: 17.830 GC heap before
{Heap before GC invocations=13 (full 2):
 PSYoungGen      total 139264K, used 127488K [0x00000000e0000000, 0x00000000eb300000, 0x0000000100000000)
  eden space 127488K, 100% used [0x00000000e0000000,0x00000000e7c80000,0x00000000e7c80000)
  from space 11776K, 0% used [0x00000000e8800000,0x00000000e8800000,0x00000000e9380000)
  to   space 11776K, 0% used [0x00000000e7c80000,0x00000000e7c80000,0x00000000e8800000)
 ParOldGen       total 53760K, used 16378K [0x00000000a0000000, 0x00000000a3480000, 0x00000000e0000000)
  object space 53760K, 30% used [0x00000000a0000000,0x00000000a0ffe9e0,0x00000000a3480000)
 Metaspace       used 45817K, capacity 47134K, committed 47232K, reserved 1089536K
  class space    used 6192K, capacity 6507K, committed 6528K, reserved 1048576K
Event: 17.859 GC heap after
Heap after GC invocations=13 (full 2):
 PSYoungGen      total 139264K, used 11748K [0x00000000e0000000, 0x00000000eba80000, 0x0000000100000000)
  eden space 127488K, 0% used [0x00000000e0000000,0x00000000e0000000,0x00000000e7c80000)
  from space 11776K, 99% used [0x00000000e7c80000,0x00000000e87f92e8,0x00000000e8800000)
  to   space 15360K, 0% used [0x00000000eab80000,0x00000000eab80000,0x00000000eba80000)
 ParOldGen       total 53760K, used 21127K [0x00000000a0000000, 0x00000000a3480000, 0x00000000e0000000)
  object space 53760K, 39% used [0x00000000a0000000,0x00000000a14a1d48,0x00000000a3480000)
 Metaspace       used 45817K, capacity 47134K, committed 47232K, reserved 1089536K
  class space    used 6192K, capacity 6507K, committed 6528K, reserved 1048576K
}
Event: 19.062 GC heap before
{Heap before GC invocations=14 (full 2):
 PSYoungGen      total 139264K, used 74524K [0x00000000e0000000, 0x00000000eba80000, 0x0000000100000000)
  eden space 127488K, 49% used [0x00000000e0000000,0x00000000e3d4e100,0x00000000e7c80000)
  from space 11776K, 99% used [0x00000000e7c80000,0x00000000e87f92e8,0x00000000e8800000)
  to   space 15360K, 0% used [0x00000000eab80000,0x00000000eab80000,0x00000000eba80000)
 ParOldGen       total 53760K, used 21127K [0x00000000a0000000, 0x00000000a3480000, 0x00000000e0000000)
  object space 53760K, 39% used [0x00000000a0000000,0x00000000a14a1d48,0x00000000a3480000)
 Metaspace       used 50908K, capacity 52464K, committed 52608K, reserved 1099776K
  class space    used 6878K, capacity 7258K, committed 7296K, reserved 1048576K
Event: 19.110 GC heap after
Heap after GC invocations=14 (full 2):
 PSYoungGen      total 142848K, used 6788K [0x00000000e0000000, 0x00000000eba80000, 0x0000000100000000)
  eden space 127488K, 0% used [0x00000000e0000000,0x00000000e0000000,0x00000000e7c80000)
  from space 15360K, 44% used [0x00000000eab80000,0x00000000eb2212d8,0x00000000eba80000)
  to   space 11776K, 0% used [0x00000000e7c80000,0x00000000e7c80000,0x00000000e8800000)
 ParOldGen       total 53760K, used 29515K [0x00000000a0000000, 0x00000000a3480000, 0x00000000e0000000)
  object space 53760K, 54% used [0x00000000a0000000,0x00000000a1cd2de0,0x00000000a3480000)
 Metaspace       used 50908K, capacity 52464K, committed 52608K, reserved 1099776K
  class space    used 6878K, capacity 7258K, committed 7296K, reserved 1048576K
}
Event: 19.110 GC heap before
{Heap before GC invocations=15 (full 3):
 PSYoungGen      total 142848K, used 6788K [0x00000000e0000000, 0x00000000eba80000, 0x0000000100000000)
  eden space 127488K, 0% used [0x00000000e0000000,0x00000000e0000000,0x00000000e7c80000)
  from space 15360K, 44% used [0x00000000eab80000,0x00000000eb2212d8,0x00000000eba80000)
  to   space 11776K, 0% used [0x00000000e7c80000,0x00000000e7c80000,0x00000000e8800000)
 ParOldGen       total 53760K, used 29515K [0x00000000a0000000, 0x00000000a3480000, 0x00000000e0000000)
  object space 53760K, 54% used [0x00000000a0000000,0x00000000a1cd2de0,0x00000000a3480000)
 Metaspace       used 50908K, capacity 52464K, committed 52608K, reserved 1099776K
  class space    used 6878K, capacity 7258K, committed 7296K, reserved 1048576K
Event: 19.492 GC heap after
Heap after GC invocations=15 (full 3):
 PSYoungGen      total 142848K, used 0K [0x00000000e0000000, 0x00000000eba80000, 0x0000000100000000)
  eden space 127488K, 0% used [0x00000000e0000000,0x00000000e0000000,0x00000000e7c80000)
  from space 15360K, 0% used [0x00000000eab80000,0x00000000eab80000,0x00000000eba80000)
  to   space 11776K, 0% used [0x00000000e7c80000,0x00000000e7c80000,0x00000000e8800000)
 ParOldGen       total 53760K, used 29210K [0x00000000a0000000, 0x00000000a3480000, 0x00000000e0000000)
  object space 53760K, 54% used [0x00000000a0000000,0x00000000a1c86848,0x00000000a3480000)
 Metaspace       used 50892K, capacity 52410K, committed 52608K, reserved 1097728K
  class space    used 6873K, capacity 7249K, committed 7296K, reserved 1048576K
}

Deoptimization events (10 events):
Event: 16.176 Thread 0x0000000018ca1000 Uncommon trap: reason=unstable_if action=reinterpret pc=0x0000000003611f94 method=java.security.CodeSource.getCertificates()[Ljava/security/cert/Certificate; @ 4
Event: 16.225 Thread 0x0000000018ca1000 Uncommon trap: reason=unstable_if action=reinterpret pc=0x00000000034cfe8c method=java.util.LinkedHashMap.get(Ljava/lang/Object;)Ljava/lang/Object; @ 20
Event: 16.311 Thread 0x0000000018ca1000 Uncommon trap: reason=unstable_if action=reinterpret pc=0x00000000035fa724 method=java.security.CodeSource.getCertificates()[Ljava/security/cert/Certificate; @ 4
Event: 16.311 Thread 0x0000000018ca1000 Uncommon trap: reason=unstable_if action=reinterpret pc=0x00000000035fa724 method=java.security.CodeSource.getCertificates()[Ljava/security/cert/Certificate; @ 4
Event: 16.426 Thread 0x0000000018ca1000 Uncommon trap: reason=unstable_if action=reinterpret pc=0x0000000003329d3c method=org.objectweb.asm.ByteVector.putUTF8(Ljava/lang/String;)Lorg/objectweb/asm/ByteVector; @ 93
Event: 16.428 Thread 0x0000000018ca1000 Uncommon trap: reason=range_check action=make_not_entrant pc=0x00000000036a66e0 method=java.lang.String.charAt(I)C @ 27
Event: 16.868 Thread 0x0000000018ca1000 Uncommon trap: reason=unstable_if action=reinterpret pc=0x0000000003208538 method=org.objectweb.asm.ByteVector.putUTF8(Ljava/lang/String;)Lorg/objectweb/asm/ByteVector; @ 93
Event: 17.628 Thread 0x0000000018ca1000 Uncommon trap: reason=unstable_if action=reinterpret pc=0x00000000036562ec method=org.gradle.internal.reflect.PropertyAccessorType.of(Ljava/lang/reflect/Method;)Lorg/gradle/internal/reflect/PropertyAccessorType; @ 56
Event: 18.470 Thread 0x0000000018ca1000 Uncommon trap: reason=unstable_if action=reinterpret pc=0x0000000003033104 method=java.lang.String.lastIndexOf([CII[CIII)I @ 17
Event: 18.736 Thread 0x0000000018ca1000 Uncommon trap: reason=unstable_if action=reinterpret pc=0x000000000382e688 method=kotlin.reflect.jvm.internal.impl.protobuf.CodedInputStream.readRawVarint32()I @ 10

Classes redefined (0 events):
No events

Internal exceptions (10 events):
Event: 17.931 Thread 0x0000000018ca1000 Exception <a 'java/lang/ClassNotFoundException': org/gradle/api/internal/file/CompositeFileTreeCustomizer> (0x00000000e0781650) thrown at [D:\src\AOSP-openjdk-cygwin\jdk8u\hotspot\src\share\vm\classfile\systemDictionary.cpp, line 210]
Event: 17.934 Thread 0x0000000018ca1000 Exception <a 'java/lang/ClassNotFoundException': org/gradle/api/internal/file/collections/DefaultConfigurableFileTreeCustomizer> (0x00000000e07cf458) thrown at [D:\src\AOSP-openjdk-cygwin\jdk8u\hotspot\src\share\vm\classfile\systemDictionary.cpp, line 210
Event: 18.262 Thread 0x0000000018ca1000 Exception <a 'java/lang/ClassNotFoundException': org/gradle/api/plugins/internal/DefaultBasePluginConventionBeanInfo> (0x00000000e0fea638) thrown at [D:\src\AOSP-openjdk-cygwin\jdk8u\hotspot\src\share\vm\classfile\systemDictionary.cpp, line 210]
Event: 18.263 Thread 0x0000000018ca1000 Exception <a 'java/lang/ClassNotFoundException': org/gradle/api/plugins/BasePluginConventionBeanInfo> (0x00000000e10102d8) thrown at [D:\src\AOSP-openjdk-cygwin\jdk8u\hotspot\src\share\vm\classfile\systemDictionary.cpp, line 210]
Event: 18.265 Thread 0x0000000018ca1000 Exception <a 'java/lang/ClassNotFoundException': org/gradle/api/plugins/BasePluginConventionCustomizer> (0x00000000e1036890) thrown at [D:\src\AOSP-openjdk-cygwin\jdk8u\hotspot\src\share\vm\classfile\systemDictionary.cpp, line 210]
Event: 18.268 Thread 0x0000000018ca1000 Exception <a 'java/lang/ClassNotFoundException': org/gradle/api/plugins/internal/DefaultBasePluginConventionCustomizer> (0x00000000e10761f8) thrown at [D:\src\AOSP-openjdk-cygwin\jdk8u\hotspot\src\share\vm\classfile\systemDictionary.cpp, line 210]
Event: 18.285 Thread 0x0000000018ca1000 Exception <a 'java/lang/NoSuchMethodError': java.lang.Object.lambda$comparing$77a9974f$1(Ljava/util/function/Function;Ljava/lang/Object;Ljava/lang/Object;)I> (0x00000000e10ef788) thrown at [D:\src\AOSP-openjdk-cygwin\jdk8u\hotspot\src\share\vm\interpreter
Event: 18.288 Thread 0x0000000018ca1000 Exception <a 'java/lang/NoSuchMethodError': java.lang.Object.lambda$comparingInt$7b0bb60$1(Ljava/util/function/ToIntFunction;Ljava/lang/Object;Ljava/lang/Object;)I> (0x00000000e10f9d70) thrown at [D:\src\AOSP-openjdk-cygwin\jdk8u\hotspot\src\share\vm\inte
Event: 18.290 Thread 0x0000000018ca1000 Exception <a 'java/lang/NoSuchMethodError': java.lang.Object.lambda$thenComparing$36697e65$1(Ljava/util/Comparator;Ljava/lang/Object;Ljava/lang/Object;)I> (0x00000000e11028f8) thrown at [D:\src\AOSP-openjdk-cygwin\jdk8u\hotspot\src\share\vm\interpreter\li
Event: 18.294 Thread 0x0000000018ca1000 Exception <a 'java/lang/NoSuchMethodError': java.lang.Object.lambda$comparing$ea9a8b3a$1(Ljava/util/Comparator;Ljava/util/function/Function;Ljava/lang/Object;Ljava/lang/Object;)I> (0x00000000e11103a8) thrown at [D:\src\AOSP-openjdk-cygwin\jdk8u\hotspot\sr

Events (10 events):
Event: 19.512 loading class org/gradle/api/tasks/Sync
Event: 19.512 loading class org/gradle/api/tasks/Sync done
Event: 19.512 loading class org/gradle/api/tasks/Sync
Event: 19.512 loading class org/gradle/api/tasks/Sync done
Event: 19.514 loading class com/android/build/gradle/internal/cxx/model/TryCreateCxxModuleModelKt
Event: 19.514 loading class com/android/build/gradle/internal/cxx/model/TryCreateCxxModuleModelKt done
Event: 19.516 loading class com/android/build/gradle/internal/cxx/configure/CmakeLocator
Event: 19.516 loading class com/android/build/gradle/internal/cxx/configure/CmakeLocator done
Event: 19.517 loading class kotlin/Triple
Event: 19.517 loading class kotlin/Triple done


Dynamic libraries:
0x00007ff77cb40000 - 0x00007ff77cb71000 	C:\Program Files\Android\Android Studio\jre\bin\java.exe
0x00007fff4b540000 - 0x00007fff4b72d000 	C:\WINDOWS\SYSTEM32\ntdll.dll
0x00007fff4b250000 - 0x00007fff4b303000 	C:\WINDOWS\System32\KERNEL32.DLL
0x00007fff475d0000 - 0x00007fff47863000 	C:\WINDOWS\System32\KERNELBASE.dll
0x00007fff48730000 - 0x00007fff487d3000 	C:\WINDOWS\System32\ADVAPI32.dll
0x00007fff4ad70000 - 0x00007fff4ae0e000 	C:\WINDOWS\System32\msvcrt.dll
0x00007fff4a320000 - 0x00007fff4a3be000 	C:\WINDOWS\System32\sechost.dll
0x00007fff4a3c0000 - 0x00007fff4a4e2000 	C:\WINDOWS\System32\RPCRT4.dll
0x00007fff4a630000 - 0x00007fff4a7c7000 	C:\WINDOWS\System32\USER32.dll
0x00007fff47a30000 - 0x00007fff47a50000 	C:\WINDOWS\System32\win32u.dll
0x00007fff49e70000 - 0x00007fff49e99000 	C:\WINDOWS\System32\GDI32.dll
0x00007fff48590000 - 0x00007fff48729000 	C:\WINDOWS\System32\gdi32full.dll
0x00007fff47990000 - 0x00007fff47a30000 	C:\WINDOWS\System32\msvcp_win.dll
0x00007fff47870000 - 0x00007fff4796a000 	C:\WINDOWS\System32\ucrtbase.dll
0x00007fff36e60000 - 0x00007fff370d9000 	C:\WINDOWS\WinSxS\amd64_microsoft.windows.common-controls_6595b64144ccf1df_6.0.17763.973_none_05b245900721eb81\COMCTL32.dll
0x00007fff4ae70000 - 0x00007fff4b19c000 	C:\WINDOWS\System32\combase.dll
0x00007fff48430000 - 0x00007fff484ae000 	C:\WINDOWS\System32\bcryptPrimitives.dll
0x00007fff4b220000 - 0x00007fff4b24e000 	C:\WINDOWS\System32\IMM32.DLL
0x0000000054bd0000 - 0x0000000054ca2000 	C:\Program Files\Android\Android Studio\jre\jre\bin\msvcr100.dll
0x0000000052b10000 - 0x0000000053356000 	C:\Program Files\Android\Android Studio\jre\jre\bin\server\jvm.dll
0x00007fff4aab0000 - 0x00007fff4aab8000 	C:\WINDOWS\System32\PSAPI.DLL
0x00007fff3e660000 - 0x00007fff3e684000 	C:\WINDOWS\SYSTEM32\WINMM.dll
0x00007fff3c500000 - 0x00007fff3c509000 	C:\WINDOWS\SYSTEM32\WSOCK32.dll
0x00007fff3c370000 - 0x00007fff3c37a000 	C:\WINDOWS\SYSTEM32\VERSION.dll
0x00007fff4a5c0000 - 0x00007fff4a62d000 	C:\WINDOWS\System32\WS2_32.dll
0x00007fff3e630000 - 0x00007fff3e65d000 	C:\WINDOWS\SYSTEM32\WINMMBASE.dll
0x00007fff47a50000 - 0x00007fff47a9a000 	C:\WINDOWS\System32\cfgmgr32.dll
0x00007fff433b0000 - 0x00007fff433bf000 	C:\Program Files\Android\Android Studio\jre\jre\bin\verify.dll
0x00007fff40460000 - 0x00007fff40489000 	C:\Program Files\Android\Android Studio\jre\jre\bin\java.dll
0x00007fff42e30000 - 0x00007fff42e46000 	C:\Program Files\Android\Android Studio\jre\jre\bin\zip.dll
0x00007fff48970000 - 0x00007fff49e64000 	C:\WINDOWS\System32\SHELL32.dll
0x00007fff4acb0000 - 0x00007fff4ad58000 	C:\WINDOWS\System32\shcore.dll
0x00007fff47aa0000 - 0x00007fff481ed000 	C:\WINDOWS\System32\windows.storage.dll
0x00007fff47580000 - 0x00007fff475a4000 	C:\WINDOWS\System32\profapi.dll
0x00007fff47500000 - 0x00007fff4755d000 	C:\WINDOWS\System32\powrprof.dll
0x00007fff4ae10000 - 0x00007fff4ae62000 	C:\WINDOWS\System32\shlwapi.dll
0x00007fff47560000 - 0x00007fff47571000 	C:\WINDOWS\System32\kernel.appcore.dll
0x00007fff47970000 - 0x00007fff47987000 	C:\WINDOWS\System32\cryptsp.dll
0x00007fff3fcf0000 - 0x00007fff3fd0a000 	C:\Program Files\Android\Android Studio\jre\jre\bin\net.dll
0x00007fff46d10000 - 0x00007fff46d77000 	C:\WINDOWS\system32\mswsock.dll
0x00007fff3f970000 - 0x00007fff3f981000 	C:\Program Files\Android\Android Studio\jre\jre\bin\nio.dll
0x00007fff404a0000 - 0x00007fff404c6000 	C:\Users\ruman\.gradle\native\29\windows-amd64\native-platform.dll
0x00007fff42ed0000 - 0x00007fff42edd000 	C:\Program Files\Android\Android Studio\jre\jre\bin\management.dll
0x00007fff46890000 - 0x00007fff468c3000 	C:\WINDOWS\system32\rsaenh.dll
0x00007fff484b0000 - 0x00007fff484d6000 	C:\WINDOWS\System32\bcrypt.dll
0x00007fff47400000 - 0x00007fff47428000 	C:\WINDOWS\SYSTEM32\USERENV.dll
0x00007fff46ee0000 - 0x00007fff46eec000 	C:\WINDOWS\SYSTEM32\CRYPTBASE.dll
0x00007fff46a30000 - 0x00007fff46a6d000 	C:\WINDOWS\SYSTEM32\IPHLPAPI.DLL
0x00007fff4aae0000 - 0x00007fff4aae8000 	C:\WINDOWS\System32\NSI.dll
0x00007fff41630000 - 0x00007fff41646000 	C:\WINDOWS\SYSTEM32\dhcpcsvc6.DLL
0x00007fff41740000 - 0x00007fff4175c000 	C:\WINDOWS\SYSTEM32\dhcpcsvc.DLL
0x00007fff46a70000 - 0x00007fff46b36000 	C:\WINDOWS\SYSTEM32\DNSAPI.dll

VM Arguments:
jvm_args: -Xmx1536m -Dfile.encoding=windows-1252 -Duser.country=IN -Duser.language=en -Duser.variant 
java_command: org.gradle.launcher.daemon.bootstrap.GradleDaemon 5.4.1
java_class_path (initial): C:\Users\ruman\.gradle\wrapper\dists\gradle-5.4.1-all\3221gyojl5jsh0helicew7rwx\gradle-5.4.1\lib\gradle-launcher-5.4.1.jar
Launcher Type: SUN_STANDARD

Environment Variables:
PATH=C:\ProgramData\Oracle\Java\javapath;C:\WINDOWS\system32;C:\WINDOWS;C:\WINDOWS\System32\Wbem;C:\WINDOWS\System32\WindowsPowerShell\v1.0\;C:\Program Files (x86)\ATI Technologies\ATI.ACE\Core-Static;C:\Program Files\Microsoft SQL Server\130\Tools\Binn\;C:\Users\ruman\.dnx\bin;C:\Program Files\Microsoft DNX\Dnvm\;C:\Users\ruman\AppData\Local\Microsoft\WindowsApps;C:\adb;C:\WINDOWS\system32;C:\WINDOWS;C:\WINDOWS\System32\Wbem;C:\WINDOWS\System32\WindowsPowerShell\v1.0\;"C:\Program Files\Java\jdk1.8.0_144\bin;";C:\Program Files\Microsoft SQL Server\Client SDK\ODBC\130\Tools\Binn\;C:\Program Files (x86)\Microsoft SQL Server\140\Tools\Binn\;C:\Program Files\Microsoft SQL Server\140\Tools\Binn\;C:\Program Files\Microsoft SQL Server\140\DTS\Binn\;C:\Program Files\nvm;C:\Program Files\nodejs;C:\Program Files\Git\cmd;C:\WINDOWS\System32\OpenSSH\;C:\Users\ruman\AppData\Local\Microsoft\WindowsApps;C:\Users\ruman\AppData\Roaming\npm;C:\Program Files\Java\jdk1.8.0_144\bin;C:\Program Files\nvm;C:\Program Files\nodejs;C:\Program Files (x86)\Atmel\Flip 3.4.7\bin;
USERNAME=ruman
OS=Windows_NT
PROCESSOR_IDENTIFIER=AMD64 Family 22 Model 48 Stepping 1, AuthenticAMD



---------------  S Y S T E M  ---------------

OS: Windows 10.0 , 64 bit Build 17763 (10.0.17763.475)

CPU:total 4 (initial active 4) (4 cores per cpu, 1 threads per core) family 22 model 48 stepping 1, cmov, cx8, fxsr, mmx, sse, sse2, sse3, ssse3, sse4.1, sse4.2, popcnt, avx, aes, clmul, mmxext, 3dnowpref, lzcnt, sse4a, tsc, tscinvbit, tscinv, bmi1

Memory: 4k page, physical 3627192k(381052k free), swap 6903988k(960k free)

vm_info: OpenJDK 64-Bit Server VM (25.202-b03) for windows-amd64 JRE (1.8.0_202-release-1483-b03), built by "builder" with MS VC++ 10.0 (VS2010)

time: Sun Jan 26 00:40:38 2020
timezone: Malay Peninsula Standard Time
elapsed time: 19 seconds (0d 0h 0m 19s)

