#
# There is insufficient memory for the Java Runtime Environment to continue.
# Native memory allocation (malloc) failed to allocate 941936 bytes for Chunk::new
# Possible reasons:
#   The system is out of physical RAM or swap space
#   The process is running with CompressedOops enabled, and the Java Heap may be blocking the growth of the native heap
# Possible solutions:
#   Reduce memory load on the system
#   Increase physical memory or swap space
#   Check if swap backing store is full
#   Decrease Java heap size (-Xmx/-Xms)
#   Decrease number of Java threads
#   Decrease Java thread stack sizes (-Xss)
#   Set larger code cache with -XX:ReservedCodeCacheSize=
#   JVM is running with Unscaled Compressed Oops mode in which the Java heap is
#     placed in the first 4GB address space. The Java Heap base address is the
#     maximum limit for the native heap growth. Please use -XX:HeapBaseMinAddress
#     to set the Java Heap base and to place the Java Heap above 4GB virtual address.
# This output file may be truncated or incomplete.
#
#  Out of Memory Error (allocation.cpp:389), pid=5420, tid=0x0000000000000a2c
#
# JRE version: OpenJDK Runtime Environment (8.0_202-b03) (build 1.8.0_202-release-1483-b03)
# Java VM: OpenJDK 64-Bit Server VM (25.202-b03 mixed mode windows-amd64 compressed oops)
# Failed to write core dump. Minidumps are not enabled by default on client versions of Windows
#

---------------  T H R E A D  ---------------

Current thread (0x000000001657a000):  JavaThread "C2 CompilerThread1" daemon [_thread_in_native, id=2604, stack(0x0000000017c70000,0x0000000017d70000)]

Stack: [0x0000000017c70000,0x0000000017d70000]
[error occurred during error reporting (printing stack bounds), id 0xc0000005]

Native frames: (J=compiled Java code, j=interpreted, Vv=VM code, C=native code)


Current CompileTask:
C2:  38162 5243 %     4       org.gradle.internal.instantiation.AbstractClassGenerator::inspectType @ 207 (559 bytes)


---------------  P R O C E S S  ---------------

Java Threads: ( => current thread )
  0x000000001cd7f000 JavaThread "Memory manager" [_thread_blocked, id=8708, stack(0x0000000021390000,0x0000000021490000)]
  0x000000001cd7d000 JavaThread "Cache worker for Build Output Cleanup Cache (C:\Users\ruman\Desktop\apks\HAR-Android-App1\.gradle\buildOutputCleanup)" [_thread_blocked, id=1008, stack(0x0000000020490000,0x0000000020590000)]
  0x000000001cd79000 JavaThread "Build operations Thread 4" [_thread_blocked, id=2328, stack(0x000000001fd90000,0x000000001fe90000)]
  0x000000001cd7a000 JavaThread "Build operations Thread 3" [_thread_blocked, id=5168, stack(0x000000001fc90000,0x000000001fd90000)]
  0x000000001cd76000 JavaThread "Build operations Thread 2" [_thread_blocked, id=10060, stack(0x000000001fb90000,0x000000001fc90000)]
  0x000000001cd7c000 JavaThread "Build operations" [_thread_blocked, id=3248, stack(0x000000001fa90000,0x000000001fb90000)]
  0x000000001cd77000 JavaThread "File lock release action executor" [_thread_blocked, id=1700, stack(0x000000001f990000,0x000000001fa90000)]
  0x000000001cd74800 JavaThread "Cache worker for execution history cache (C:\Users\ruman\.gradle\caches\5.4.1\executionHistory)" [_thread_blocked, id=11208, stack(0x000000001f290000,0x000000001f390000)]
  0x000000001cd7b800 JavaThread "Cache worker for cache directory md-rule (C:\Users\ruman\.gradle\caches\5.4.1\md-rule)" [_thread_blocked, id=660, stack(0x000000001f190000,0x000000001f290000)]
  0x0000000017eaf000 JavaThread "Cache worker for cache directory md-supplier (C:\Users\ruman\.gradle\caches\5.4.1\md-supplier)" [_thread_blocked, id=460, stack(0x000000001f090000,0x000000001f190000)]
  0x0000000017ead800 JavaThread "Cache worker for file hash cache (C:\Users\ruman\Desktop\apks\HAR-Android-App1\.gradle\5.4.1\fileHashes)" [_thread_blocked, id=2624, stack(0x000000001e790000,0x000000001e890000)]
  0x0000000017eaa800 JavaThread "Cache worker for journal cache (C:\Users\ruman\.gradle\caches\journal-1)" [_thread_blocked, id=7660, stack(0x000000001b0c0000,0x000000001b1c0000)]
  0x0000000017ea8800 JavaThread "File lock request listener" [_thread_in_native, id=10016, stack(0x000000001afc0000,0x000000001b0c0000)]
  0x000000001942b800 JavaThread "Cache worker for file hash cache (C:\Users\ruman\.gradle\caches\5.4.1\fileHashes)" [_thread_blocked, id=6532, stack(0x000000001aec0000,0x000000001afc0000)]
  0x0000000017f72000 JavaThread "Thread-9" [_thread_blocked, id=4996, stack(0x000000001adc0000,0x000000001aec0000)]
  0x0000000017f6d000 JavaThread "Stdin handler" [_thread_blocked, id=8620, stack(0x000000001acc0000,0x000000001adc0000)]
  0x0000000017f6c800 JavaThread "Asynchronous log dispatcher for DefaultDaemonConnection: socket connection from /127.0.0.1:56795 to /127.0.0.1:56796" [_thread_blocked, id=7676, stack(0x000000001abc0000,0x000000001acc0000)]
  0x0000000018d95800 JavaThread "Daemon worker" [_thread_in_Java, id=3204, stack(0x000000001aac0000,0x000000001abc0000)]
  0x0000000018d95000 JavaThread "Cancel handler" [_thread_blocked, id=5884, stack(0x000000001a9c0000,0x000000001aac0000)]
  0x0000000018042000 JavaThread "Handler for socket connection from /127.0.0.1:56795 to /127.0.0.1:56796" [_thread_in_native, id=9664, stack(0x000000001a6c0000,0x000000001a7c0000)]
  0x0000000018041800 JavaThread "Daemon" [_thread_blocked, id=8032, stack(0x000000001a5c0000,0x000000001a6c0000)]
  0x000000001922c800 JavaThread "Daemon periodic checks" [_thread_blocked, id=6008, stack(0x000000001a4c0000,0x000000001a5c0000)]
  0x0000000019228800 JavaThread "Incoming local TCP Connector on port 56795" [_thread_in_native, id=8596, stack(0x000000001a280000,0x000000001a380000)]
  0x0000000019556000 JavaThread "Daemon health stats" [_thread_blocked, id=8732, stack(0x0000000019c40000,0x0000000019d40000)]
  0x0000000017d77000 JavaThread "Service Thread" daemon [_thread_blocked, id=5104, stack(0x0000000018270000,0x0000000018370000)]
  0x000000001657e000 JavaThread "C1 CompilerThread2" daemon [_thread_blocked, id=11212, stack(0x0000000018170000,0x0000000018270000)]
=>0x000000001657a000 JavaThread "C2 CompilerThread1" daemon [_thread_in_native, id=2604, stack(0x0000000017c70000,0x0000000017d70000)]
  0x0000000016528000 JavaThread "C2 CompilerThread0" daemon [_thread_in_native, id=8884, stack(0x0000000017b70000,0x0000000017c70000)]
  0x0000000016526800 JavaThread "Attach Listener" daemon [_thread_blocked, id=3592, stack(0x0000000017a70000,0x0000000017b70000)]
  0x0000000016525000 JavaThread "Signal Dispatcher" daemon [_thread_blocked, id=1408, stack(0x0000000017970000,0x0000000017a70000)]
  0x0000000002bab000 JavaThread "Finalizer" daemon [_thread_blocked, id=10104, stack(0x0000000017770000,0x0000000017870000)]
  0x0000000016509000 JavaThread "Reference Handler" daemon [_thread_blocked, id=9368, stack(0x0000000017670000,0x0000000017770000)]
  0x000000000291e800 JavaThread "main" [_thread_blocked, id=4080, stack(0x00000000029b0000,0x0000000002ab0000)]

Other Threads:
  0x00000000164e6800 VMThread [stack: 0x0000000017570000,0x0000000017670000] [id=10384]
  0x0000000017d78000 WatcherThread [stack: 0x0000000018370000,0x0000000018470000] [id=6980]

VM state:not at safepoint (normal execution)

VM Mutex/Monitor currently owned by a thread: None

heap address: 0x00000000a0000000, size: 1536 MB, Compressed Oops mode: 32-bit
Narrow klass base: 0x0000000000000000, Narrow klass shift: 3
Compressed class space size: 1073741824 Address: 0x0000000100000000

Heap:
 PSYoungGen      total 147456K, used 126568K [0x00000000e0000000, 0x00000000ed000000, 0x0000000100000000)
  eden space 135680K, 84% used [0x00000000e0000000,0x00000000e701cc50,0x00000000e8480000)
  from space 11776K, 99% used [0x00000000e8480000,0x00000000e8ffd638,0x00000000e9000000)
  to   space 15360K, 0% used [0x00000000ec100000,0x00000000ec100000,0x00000000ed000000)
 ParOldGen       total 49664K, used 21027K [0x00000000a0000000, 0x00000000a3080000, 0x00000000e0000000)
  object space 49664K, 42% used [0x00000000a0000000,0x00000000a1488d30,0x00000000a3080000)
 Metaspace       used 54990K, capacity 56888K, committed 57088K, reserved 1097728K
  class space    used 7477K, capacity 7865K, committed 7936K, reserved 1048576K

Card table byte_map: [0x0000000011f70000,0x0000000012280000] byte_map_base: 0x0000000011a70000

Marking Bits: (ParMarkBitMap*) 0x00000000532d9f30
 Begin Bits: [0x0000000012880000, 0x0000000014080000)
 End Bits:   [0x0000000014080000, 0x0000000015880000)

Polling page: 0x00000000010a0000

CodeCache: size=245760Kb used=16775Kb max_used=16775Kb free=228985Kb
 bounds [0x0000000002bb0000, 0x0000000003c30000, 0x0000000011bb0000]
 total_blobs=5711 nmethods=4933 adapters=692
 compilation: enabled

Compilation events (10 events):
Event: 38.048 Thread 0x000000001657e000 nmethod 5357 0x0000000003c18850 code [0x0000000003c189c0, 0x0000000003c18bf0]
Event: 38.049 Thread 0x000000001657e000 5358       3       org.gradle.api.internal.tasks.DefaultTaskDependency::addValue (26 bytes)
Event: 38.050 Thread 0x000000001657e000 nmethod 5358 0x0000000003c18cd0 code [0x0000000003c18ec0, 0x0000000003c197d8]
Event: 38.050 Thread 0x000000001657e000 5359       3       org.gradle.api.internal.tasks.DefaultTaskDependency::getMutableValues (24 bytes)
Event: 38.051 Thread 0x000000001657e000 nmethod 5359 0x0000000003c19f10 code [0x0000000003c1a0c0, 0x0000000003c1a7b0]
Event: 38.051 Thread 0x000000001657e000 5360       3       org.gradle.api.internal.tasks.DefaultTaskDependency$TaskDependencySet::add (11 bytes)
Event: 38.052 Thread 0x000000001657e000 nmethod 5360 0x0000000003c1ad10 code [0x0000000003c1ae80, 0x0000000003c1b0a8]
Event: 38.082 Thread 0x000000001657e000 5361       1       org.gradle.api.internal.AbstractTask::access$400 (5 bytes)
Event: 38.082 Thread 0x000000001657e000 nmethod 5361 0x0000000003c1b190 code [0x0000000003c1b2e0, 0x0000000003c1b3d0]
Event: 38.094 Thread 0x000000001657e000 5363       3       org.gradle.api.internal.tasks.DefaultTaskDependency::add (34 bytes)

GC Heap History (10 events):
Event: 14.809 GC heap before
{Heap before GC invocations=9 (full 1):
 PSYoungGen      total 65024K, used 58880K [0x00000000e0000000, 0x00000000e8500000, 0x0000000100000000)
  eden space 58880K, 100% used [0x00000000e0000000,0x00000000e3980000,0x00000000e3980000)
  from space 6144K, 0% used [0x00000000e3980000,0x00000000e3980000,0x00000000e3f80000)
  to   space 9216K, 0% used [0x00000000e7c00000,0x00000000e7c00000,0x00000000e8500000)
 ParOldGen       total 37376K, used 12172K [0x00000000a0000000, 0x00000000a2480000, 0x00000000e0000000)
  object space 37376K, 32% used [0x00000000a0000000,0x00000000a0be3338,0x00000000a2480000)
 Metaspace       used 27787K, capacity 28300K, committed 28544K, reserved 1073152K
  class space    used 3797K, capacity 3965K, committed 3968K, reserved 1048576K
Event: 14.836 GC heap after
Heap after GC invocations=9 (full 1):
 PSYoungGen      total 105472K, used 6941K [0x00000000e0000000, 0x00000000e8300000, 0x0000000100000000)
  eden space 98304K, 0% used [0x00000000e0000000,0x00000000e0000000,0x00000000e6000000)
  from space 7168K, 96% used [0x00000000e7c00000,0x00000000e82c7590,0x00000000e8300000)
  to   space 9728K, 0% used [0x00000000e7000000,0x00000000e7000000,0x00000000e7980000)
 ParOldGen       total 37376K, used 12180K [0x00000000a0000000, 0x00000000a2480000, 0x00000000e0000000)
  object space 37376K, 32% used [0x00000000a0000000,0x00000000a0be5338,0x00000000a2480000)
 Metaspace       used 27787K, capacity 28300K, committed 28544K, reserved 1073152K
  class space    used 3797K, capacity 3965K, committed 3968K, reserved 1048576K
}
Event: 23.146 GC heap before
{Heap before GC invocations=10 (full 1):
 PSYoungGen      total 105472K, used 105245K [0x00000000e0000000, 0x00000000e8300000, 0x0000000100000000)
  eden space 98304K, 100% used [0x00000000e0000000,0x00000000e6000000,0x00000000e6000000)
  from space 7168K, 96% used [0x00000000e7c00000,0x00000000e82c7590,0x00000000e8300000)
  to   space 9728K, 0% used [0x00000000e7000000,0x00000000e7000000,0x00000000e7980000)
 ParOldGen       total 37376K, used 12180K [0x00000000a0000000, 0x00000000a2480000, 0x00000000e0000000)
  object space 37376K, 32% used [0x00000000a0000000,0x00000000a0be5338,0x00000000a2480000)
 Metaspace       used 33592K, capacity 34490K, committed 34560K, reserved 1079296K
  class space    used 4650K, capacity 4849K, committed 4864K, reserved 1048576K
Event: 23.179 GC heap after
Heap after GC invocations=10 (full 1):
 PSYoungGen      total 124416K, used 9726K [0x00000000e0000000, 0x00000000e9c00000, 0x0000000100000000)
  eden space 114688K, 0% used [0x00000000e0000000,0x00000000e0000000,0x00000000e7000000)
  from space 9728K, 99% used [0x00000000e7000000,0x00000000e797fab0,0x00000000e7980000)
  to   space 12288K, 0% used [0x00000000e9000000,0x00000000e9000000,0x00000000e9c00000)
 ParOldGen       total 37376K, used 14479K [0x00000000a0000000, 0x00000000a2480000, 0x00000000e0000000)
  object space 37376K, 38% used [0x00000000a0000000,0x00000000a0e23c00,0x00000000a2480000)
 Metaspace       used 33592K, capacity 34490K, committed 34560K, reserved 1079296K
  class space    used 4650K, capacity 4849K, committed 4864K, reserved 1048576K
}
Event: 24.071 GC heap before
{Heap before GC invocations=11 (full 1):
 PSYoungGen      total 124416K, used 28591K [0x00000000e0000000, 0x00000000e9c00000, 0x0000000100000000)
  eden space 114688K, 16% used [0x00000000e0000000,0x00000000e126c228,0x00000000e7000000)
  from space 9728K, 99% used [0x00000000e7000000,0x00000000e797fab0,0x00000000e7980000)
  to   space 12288K, 0% used [0x00000000e9000000,0x00000000e9000000,0x00000000e9c00000)
 ParOldGen       total 37376K, used 14479K [0x00000000a0000000, 0x00000000a2480000, 0x00000000e0000000)
  object space 37376K, 38% used [0x00000000a0000000,0x00000000a0e23c00,0x00000000a2480000)
 Metaspace       used 34522K, capacity 35440K, committed 35456K, reserved 1079296K
  class space    used 4769K, capacity 4988K, committed 4992K, reserved 1048576K
Event: 24.090 GC heap after
Heap after GC invocations=11 (full 1):
 PSYoungGen      total 147968K, used 6237K [0x00000000e0000000, 0x00000000eb400000, 0x0000000100000000)
  eden space 135680K, 0% used [0x00000000e0000000,0x00000000e0000000,0x00000000e8480000)
  from space 12288K, 50% used [0x00000000e9000000,0x00000000e9617688,0x00000000e9c00000)
  to   space 11776K, 0% used [0x00000000e8480000,0x00000000e8480000,0x00000000e9000000)
 ParOldGen       total 37376K, used 17248K [0x00000000a0000000, 0x00000000a2480000, 0x00000000e0000000)
  object space 37376K, 46% used [0x00000000a0000000,0x00000000a10d8340,0x00000000a2480000)
 Metaspace       used 34522K, capacity 35440K, committed 35456K, reserved 1079296K
  class space    used 4769K, capacity 4988K, committed 4992K, reserved 1048576K
}
Event: 24.090 GC heap before
{Heap before GC invocations=12 (full 2):
 PSYoungGen      total 147968K, used 6237K [0x00000000e0000000, 0x00000000eb400000, 0x0000000100000000)
  eden space 135680K, 0% used [0x00000000e0000000,0x00000000e0000000,0x00000000e8480000)
  from space 12288K, 50% used [0x00000000e9000000,0x00000000e9617688,0x00000000e9c00000)
  to   space 11776K, 0% used [0x00000000e8480000,0x00000000e8480000,0x00000000e9000000)
 ParOldGen       total 37376K, used 17248K [0x00000000a0000000, 0x00000000a2480000, 0x00000000e0000000)
  object space 37376K, 46% used [0x00000000a0000000,0x00000000a10d8340,0x00000000a2480000)
 Metaspace       used 34522K, capacity 35440K, committed 35456K, reserved 1079296K
  class space    used 4769K, capacity 4988K, committed 4992K, reserved 1048576K
Event: 24.225 GC heap after
Heap after GC invocations=12 (full 2):
 PSYoungGen      total 147968K, used 0K [0x00000000e0000000, 0x00000000eb400000, 0x0000000100000000)
  eden space 135680K, 0% used [0x00000000e0000000,0x00000000e0000000,0x00000000e8480000)
  from space 12288K, 0% used [0x00000000e9000000,0x00000000e9000000,0x00000000e9c00000)
  to   space 11776K, 0% used [0x00000000e8480000,0x00000000e8480000,0x00000000e9000000)
 ParOldGen       total 49664K, used 15815K [0x00000000a0000000, 0x00000000a3080000, 0x00000000e0000000)
  object space 49664K, 31% used [0x00000000a0000000,0x00000000a0f71fc8,0x00000000a3080000)
 Metaspace       used 34522K, capacity 35440K, committed 35456K, reserved 1079296K
  class space    used 4769K, capacity 4988K, committed 4992K, reserved 1048576K
}
Event: 32.385 GC heap before
{Heap before GC invocations=13 (full 2):
 PSYoungGen      total 147968K, used 135680K [0x00000000e0000000, 0x00000000eb400000, 0x0000000100000000)
  eden space 135680K, 100% used [0x00000000e0000000,0x00000000e8480000,0x00000000e8480000)
  from space 12288K, 0% used [0x00000000e9000000,0x00000000e9000000,0x00000000e9c00000)
  to   space 11776K, 0% used [0x00000000e8480000,0x00000000e8480000,0x00000000e9000000)
 ParOldGen       total 49664K, used 15815K [0x00000000a0000000, 0x00000000a3080000, 0x00000000e0000000)
  object space 49664K, 31% used [0x00000000a0000000,0x00000000a0f71fc8,0x00000000a3080000)
 Metaspace       used 45958K, capacity 47276K, committed 47488K, reserved 1089536K
  class space    used 6197K, capacity 6508K, committed 6528K, reserved 1048576K
Event: 32.476 GC heap after
Heap after GC invocations=13 (full 2):
 PSYoungGen      total 147456K, used 11765K [0x00000000e0000000, 0x00000000ed000000, 0x0000000100000000)
  eden space 135680K, 0% used [0x00000000e0000000,0x00000000e0000000,0x00000000e8480000)
  from space 11776K, 99% used [0x00000000e8480000,0x00000000e8ffd638,0x00000000e9000000)
  to   space 15360K, 0% used [0x00000000ec100000,0x00000000ec100000,0x00000000ed000000)
 ParOldGen       total 49664K, used 21027K [0x00000000a0000000, 0x00000000a3080000, 0x00000000e0000000)
  object space 49664K, 42% used [0x00000000a0000000,0x00000000a1488d30,0x00000000a3080000)
 Metaspace       used 45958K, capacity 47276K, committed 47488K, reserved 1089536K
  class space    used 6197K, capacity 6508K, committed 6528K, reserved 1048576K
}

Deoptimization events (10 events):
Event: 31.146 Thread 0x0000000018d95800 Uncommon trap: reason=unstable_if action=reinterpret pc=0x0000000003770a6c method=java.util.concurrent.ConcurrentHashMap.addCount(JI)V @ 110
Event: 31.713 Thread 0x0000000018d95800 Uncommon trap: reason=unstable_if action=reinterpret pc=0x00000000037c20ec method=org.gradle.internal.reflect.PropertyAccessorType.of(Ljava/lang/reflect/Method;)Lorg/gradle/internal/reflect/PropertyAccessorType; @ 56
Event: 31.793 Thread 0x0000000018d95800 Uncommon trap: reason=unstable_if action=reinterpret pc=0x000000000371f974 method=groovy.lang.MetaClassImpl.filterPropertyMethod(Ljava/lang/Object;ZZ)Ljava/lang/Object; @ 72
Event: 33.203 Thread 0x0000000018d95800 Uncommon trap: reason=unstable_if action=reinterpret pc=0x00000000034a7bc8 method=org.gradle.internal.instantiation.AbstractClassGenerator$InjectionAnnotationValidator.validateMethod(Ljava/lang/reflect/Method;Lorg/gradle/internal/reflect/PropertyAccessorT
Event: 33.909 Thread 0x0000000018d95800 Uncommon trap: reason=unstable_if action=reinterpret pc=0x0000000003763894 method=jdk.internal.org.objectweb.asm.Type.getArgumentsAndReturnSizes(Ljava/lang/String;)I @ 88
Event: 34.276 Thread 0x0000000018d95800 Uncommon trap: reason=unstable_if action=reinterpret pc=0x0000000002e99ec4 method=java.lang.String.lastIndexOf([CII[CIII)I @ 17
Event: 34.657 Thread 0x0000000018d95800 Uncommon trap: reason=unstable_if action=reinterpret pc=0x00000000039bba08 method=kotlin.reflect.jvm.internal.impl.protobuf.CodedInputStream.readRawVarint32()I @ 10
Event: 35.861 Thread 0x0000000018d95800 Uncommon trap: reason=unstable_if action=reinterpret pc=0x0000000003522e28 method=java.io.WinNTFileSystem.normalize(Ljava/lang/String;)Ljava/lang/String; @ 74
Event: 36.992 Thread 0x0000000018d95800 Uncommon trap: reason=unstable_if action=reinterpret pc=0x0000000003b79dd0 method=com.sun.org.apache.xerces.internal.util.SymbolTable.addSymbol([CII)Ljava/lang/String; @ 38
Event: 36.992 Thread 0x0000000018d95800 Uncommon trap: reason=unstable_if action=reinterpret pc=0x0000000003b6e298 method=com.sun.org.apache.xerces.internal.impl.XMLEntityScanner.skipSpaces()Z @ 72

Classes redefined (0 events):
No events

Internal exceptions (10 events):
Event: 35.749 Thread 0x0000000018d95800 Exception <a 'java/lang/ClassNotFoundException': com/android/build/gradle/internal/api/BaseVariantOutputImplBeanInfo> (0x00000000e46cb0c0) thrown at [D:\src\AOSP-openjdk-cygwin\jdk8u\hotspot\src\share\vm\classfile\systemDictionary.cpp, line 210]
Event: 35.757 Thread 0x0000000018d95800 Exception <a 'java/lang/ClassNotFoundException': com/android/build/gradle/internal/api/BaseVariantOutputImplCustomizer> (0x00000000e46e6c30) thrown at [D:\src\AOSP-openjdk-cygwin\jdk8u\hotspot\src\share\vm\classfile\systemDictionary.cpp, line 210]
Event: 35.759 Thread 0x0000000018d95800 Exception <a 'java/lang/ClassNotFoundException': com/android/build/gradle/internal/api/ApkVariantOutputImplCustomizer> (0x00000000e471c800) thrown at [D:\src\AOSP-openjdk-cygwin\jdk8u\hotspot\src\share\vm\classfile\systemDictionary.cpp, line 210]
Event: 35.761 Thread 0x0000000018d95800 Exception <a 'java/lang/ClassNotFoundException': com/android/build/gradle/internal/api/ApkVariantOutputImpl_DecoratedCustomizer> (0x00000000e474d358) thrown at [D:\src\AOSP-openjdk-cygwin\jdk8u\hotspot\src\share\vm\classfile\systemDictionary.cpp, line 210
Event: 36.525 Thread 0x0000000018d95800 Exception <a 'java/lang/NoSuchMethodError': java.lang.Object.lambda$static$0(Ljava/util/Set;Ljava/util/Set;)Z> (0x00000000e59797e8) thrown at [D:\src\AOSP-openjdk-cygwin\jdk8u\hotspot\src\share\vm\interpreter\linkResolver.cpp, line 620]
Event: 36.528 Thread 0x0000000018d95800 Exception <a 'java/lang/NoSuchMethodError': java.lang.Object.lambda$static$1(Ljava/util/Set;Ljava/util/Set;)Z> (0x00000000e597c758) thrown at [D:\src\AOSP-openjdk-cygwin\jdk8u\hotspot\src\share\vm\interpreter\linkResolver.cpp, line 620]
Event: 36.531 Thread 0x0000000018d95800 Exception <a 'java/lang/NoSuchMethodError': java.lang.Object.lambda$static$2(Ljava/util/Set;Ljava/util/Set;)Z> (0x00000000e597f298) thrown at [D:\src\AOSP-openjdk-cygwin\jdk8u\hotspot\src\share\vm\interpreter\linkResolver.cpp, line 620]
Event: 36.532 Thread 0x0000000018d95800 Exception <a 'java/lang/NoSuchMethodError': java.lang.Object.lambda$static$3(Ljava/util/Set;Ljava/util/Set;)Z> (0x00000000e5981dd8) thrown at [D:\src\AOSP-openjdk-cygwin\jdk8u\hotspot\src\share\vm\interpreter\linkResolver.cpp, line 620]
Event: 36.535 Thread 0x0000000018d95800 Exception <a 'java/lang/NoSuchMethodError': java.lang.Object.lambda$static$4(Ljava/util/Set;Ljava/util/Set;)Z> (0x00000000e5984918) thrown at [D:\src\AOSP-openjdk-cygwin\jdk8u\hotspot\src\share\vm\interpreter\linkResolver.cpp, line 620]
Event: 37.994 Thread 0x0000000018d95800 Exception <a 'java/lang/NoSuchMethodError': java.lang.Object.lambda$identity$2(Ljava/lang/Object;)Ljava/lang/Object;> (0x00000000e6b8c920) thrown at [D:\src\AOSP-openjdk-cygwin\jdk8u\hotspot\src\share\vm\interpreter\linkResolver.cpp, line 620]

Events (10 events):
Event: 38.049 loading class com/android/build/gradle/internal/scope/ExistingBuildElements
Event: 38.049 loading class com/android/build/gradle/internal/scope/ExistingBuildElements done
Event: 38.051 loading class com/android/build/gradle/internal/scope/ExistingBuildElements$Companion
Event: 38.051 loading class com/android/build/gradle/internal/scope/ExistingBuildElements$Companion done
Event: 38.053 loading class com/android/build/gradle/internal/scope/ExistingBuildElements$ApkDataAdapter
Event: 38.053 loading class com/android/build/gradle/internal/scope/ExistingBuildElements$ApkDataAdapter done
Event: 38.055 loading class com/google/gson/internal/Streams
Event: 38.055 loading class com/google/gson/internal/Streams done
Event: 38.057 loading class com/google/gson/internal/Streams$AppendableWriter
Event: 38.057 loading class com/google/gson/internal/Streams$AppendableWriter done


Dynamic libraries:
0x00007ff77cb40000 - 0x00007ff77cb71000 	C:\Program Files\Android\Android Studio\jre\bin\java.exe
0x00007fff4b540000 - 0x00007fff4b72d000 	C:\WINDOWS\SYSTEM32\ntdll.dll
0x00007fff4b250000 - 0x00007fff4b303000 	C:\WINDOWS\System32\KERNEL32.DLL
0x00007fff475d0000 - 0x00007fff47863000 	C:\WINDOWS\System32\KERNELBASE.dll
0x00007fff48730000 - 0x00007fff487d3000 	C:\WINDOWS\System32\ADVAPI32.dll
0x00007fff4ad70000 - 0x00007fff4ae0e000 	C:\WINDOWS\System32\msvcrt.dll
0x00007fff4a320000 - 0x00007fff4a3be000 	C:\WINDOWS\System32\sechost.dll
0x00007fff4a3c0000 - 0x00007fff4a4e2000 	C:\WINDOWS\System32\RPCRT4.dll
0x00007fff4a630000 - 0x00007fff4a7c7000 	C:\WINDOWS\System32\USER32.dll
0x00007fff47a30000 - 0x00007fff47a50000 	C:\WINDOWS\System32\win32u.dll
0x00007fff49e70000 - 0x00007fff49e99000 	C:\WINDOWS\System32\GDI32.dll
0x00007fff48590000 - 0x00007fff48729000 	C:\WINDOWS\System32\gdi32full.dll
0x00007fff47990000 - 0x00007fff47a30000 	C:\WINDOWS\System32\msvcp_win.dll
0x00007fff47870000 - 0x00007fff4796a000 	C:\WINDOWS\System32\ucrtbase.dll
0x00007fff36e60000 - 0x00007fff370d9000 	C:\WINDOWS\WinSxS\amd64_microsoft.windows.common-controls_6595b64144ccf1df_6.0.17763.973_none_05b245900721eb81\COMCTL32.dll
0x00007fff4ae70000 - 0x00007fff4b19c000 	C:\WINDOWS\System32\combase.dll
0x00007fff48430000 - 0x00007fff484ae000 	C:\WINDOWS\System32\bcryptPrimitives.dll
0x00007fff4b220000 - 0x00007fff4b24e000 	C:\WINDOWS\System32\IMM32.DLL
0x0000000054bd0000 - 0x0000000054ca2000 	C:\Program Files\Android\Android Studio\jre\jre\bin\msvcr100.dll
0x0000000052b10000 - 0x0000000053356000 	C:\Program Files\Android\Android Studio\jre\jre\bin\server\jvm.dll
0x00007fff4aab0000 - 0x00007fff4aab8000 	C:\WINDOWS\System32\PSAPI.DLL
0x00007fff3c370000 - 0x00007fff3c37a000 	C:\WINDOWS\SYSTEM32\VERSION.dll
0x00007fff3e660000 - 0x00007fff3e684000 	C:\WINDOWS\SYSTEM32\WINMM.dll
0x00007fff3c500000 - 0x00007fff3c509000 	C:\WINDOWS\SYSTEM32\WSOCK32.dll
0x00007fff4a5c0000 - 0x00007fff4a62d000 	C:\WINDOWS\System32\WS2_32.dll
0x00007fff3e630000 - 0x00007fff3e65d000 	C:\WINDOWS\SYSTEM32\winmmbase.dll
0x00007fff47a50000 - 0x00007fff47a9a000 	C:\WINDOWS\System32\cfgmgr32.dll
0x00007fff433b0000 - 0x00007fff433bf000 	C:\Program Files\Android\Android Studio\jre\jre\bin\verify.dll
0x00007fff40460000 - 0x00007fff40489000 	C:\Program Files\Android\Android Studio\jre\jre\bin\java.dll
0x00007fff42e30000 - 0x00007fff42e46000 	C:\Program Files\Android\Android Studio\jre\jre\bin\zip.dll
0x00007fff48970000 - 0x00007fff49e64000 	C:\WINDOWS\System32\SHELL32.dll
0x00007fff4acb0000 - 0x00007fff4ad58000 	C:\WINDOWS\System32\shcore.dll
0x00007fff47aa0000 - 0x00007fff481ed000 	C:\WINDOWS\System32\windows.storage.dll
0x00007fff47580000 - 0x00007fff475a4000 	C:\WINDOWS\System32\profapi.dll
0x00007fff47500000 - 0x00007fff4755d000 	C:\WINDOWS\System32\powrprof.dll
0x00007fff4ae10000 - 0x00007fff4ae62000 	C:\WINDOWS\System32\shlwapi.dll
0x00007fff47560000 - 0x00007fff47571000 	C:\WINDOWS\System32\kernel.appcore.dll
0x00007fff47970000 - 0x00007fff47987000 	C:\WINDOWS\System32\cryptsp.dll
0x00007fff3fcf0000 - 0x00007fff3fd0a000 	C:\Program Files\Android\Android Studio\jre\jre\bin\net.dll
0x00007fff46d10000 - 0x00007fff46d77000 	C:\WINDOWS\system32\mswsock.dll
0x00007fff3f970000 - 0x00007fff3f981000 	C:\Program Files\Android\Android Studio\jre\jre\bin\nio.dll
0x00007fff404a0000 - 0x00007fff404c6000 	C:\Users\ruman\.gradle\native\29\windows-amd64\native-platform.dll
0x00007fff42ed0000 - 0x00007fff42edd000 	C:\Program Files\Android\Android Studio\jre\jre\bin\management.dll
0x00007fff46890000 - 0x00007fff468c3000 	C:\WINDOWS\system32\rsaenh.dll
0x00007fff484b0000 - 0x00007fff484d6000 	C:\WINDOWS\System32\bcrypt.dll
0x00007fff47400000 - 0x00007fff47428000 	C:\WINDOWS\SYSTEM32\USERENV.dll
0x00007fff46ee0000 - 0x00007fff46eec000 	C:\WINDOWS\SYSTEM32\CRYPTBASE.dll
0x00007fff46a30000 - 0x00007fff46a6d000 	C:\WINDOWS\SYSTEM32\IPHLPAPI.DLL
0x00007fff4aae0000 - 0x00007fff4aae8000 	C:\WINDOWS\System32\NSI.dll
0x00007fff41630000 - 0x00007fff41646000 	C:\WINDOWS\SYSTEM32\dhcpcsvc6.DLL
0x00007fff41740000 - 0x00007fff4175c000 	C:\WINDOWS\SYSTEM32\dhcpcsvc.DLL
0x00007fff46a70000 - 0x00007fff46b36000 	C:\WINDOWS\SYSTEM32\DNSAPI.dll

VM Arguments:
jvm_args: -Xmx1536m -Dfile.encoding=windows-1252 -Duser.country=IN -Duser.language=en -Duser.variant 
java_command: org.gradle.launcher.daemon.bootstrap.GradleDaemon 5.4.1
java_class_path (initial): C:\Users\ruman\.gradle\wrapper\dists\gradle-5.4.1-all\3221gyojl5jsh0helicew7rwx\gradle-5.4.1\lib\gradle-launcher-5.4.1.jar
Launcher Type: SUN_STANDARD

Environment Variables:
PATH=C:\ProgramData\Oracle\Java\javapath;C:\WINDOWS\system32;C:\WINDOWS;C:\WINDOWS\System32\Wbem;C:\WINDOWS\System32\WindowsPowerShell\v1.0\;C:\Program Files (x86)\ATI Technologies\ATI.ACE\Core-Static;C:\Program Files\Microsoft SQL Server\130\Tools\Binn\;C:\Users\ruman\.dnx\bin;C:\Program Files\Microsoft DNX\Dnvm\;C:\Users\ruman\AppData\Local\Microsoft\WindowsApps;C:\adb;C:\WINDOWS\system32;C:\WINDOWS;C:\WINDOWS\System32\Wbem;C:\WINDOWS\System32\WindowsPowerShell\v1.0\;"C:\Program Files\Java\jdk1.8.0_144\bin;";C:\Program Files\Microsoft SQL Server\Client SDK\ODBC\130\Tools\Binn\;C:\Program Files (x86)\Microsoft SQL Server\140\Tools\Binn\;C:\Program Files\Microsoft SQL Server\140\Tools\Binn\;C:\Program Files\Microsoft SQL Server\140\DTS\Binn\;C:\Program Files\nvm;C:\Program Files\nodejs;C:\Program Files\Git\cmd;C:\WINDOWS\System32\OpenSSH\;C:\Users\ruman\AppData\Local\Microsoft\WindowsApps;C:\Users\ruman\AppData\Roaming\npm;C:\Program Files\Java\jdk1.8.0_144\bin;C:\Program Files\nvm;C:\Program Files\nodejs;C:\Program Files (x86)\Atmel\Flip 3.4.7\bin;
USERNAME=ruman
OS=Windows_NT
PROCESSOR_IDENTIFIER=AMD64 Family 22 Model 48 Stepping 1, AuthenticAMD



---------------  S Y S T E M  ---------------

OS: Windows 10.0 , 64 bit Build 17763 (10.0.17763.475)

CPU:total 4 (initial active 4) (4 cores per cpu, 1 threads per core) family 22 model 48 stepping 1, cmov, cx8, fxsr, mmx, sse, sse2, sse3, ssse3, sse4.1, sse4.2, popcnt, avx, aes, clmul, mmxext, 3dnowpref, lzcnt, sse4a, tsc, tscinvbit, tscinv, bmi1

Memory: 4k page, physical 3627192k(467824k free), swap 6903988k(5744k free)

vm_info: OpenJDK 64-Bit Server VM (25.202-b03) for windows-amd64 JRE (1.8.0_202-release-1483-b03), built by "builder" with MS VC++ 10.0 (VS2010)

time: Sun Jan 26 01:09:17 2020
timezone: Malay Peninsula Standard Time
elapsed time: 38 seconds (0d 0h 0m 38s)

